Unity Editor version:    2020.3.25f1 (9b9180224418)
Branch:                  2020.3/staging
Build type:              Release
Batch mode:              YES
macOS version:           Version 13.1 (Build 22C65)
Darwin version:          22.2.0
Architecture:            x86_64
Running under Rosetta:   YES
Available memory:        16384 MB
Using pre-set license
Pro License: NO

COMMAND LINE ARGUMENTS:
/Applications/Unity/Hub/Editor/2020.3.25f1/Unity.app/Contents/MacOS/Unity
-adb2
-batchMode
-noUpm
-name
AssetImportWorker0
-projectPath
/Users/jefferyyang/Documents/GitHub.nosync/Liberators/Liberators
-logFile
Logs/AssetImportWorker0.log
-srvPort
62498
Successfully changed project path to: /Users/jefferyyang/Documents/GitHub.nosync/Liberators/Liberators
/Users/jefferyyang/Documents/GitHub.nosync/Liberators/Liberators
Using Asset Import Pipeline V2.
Refreshing native plugins compatible for Editor in 85.95 ms, found 3 plugins.
Preloading 0 native plugins for Editor in 0.00 ms.
Initialize engine version: 2020.3.25f1 (9b9180224418)
[Subsystems] Discovering subsystems at path /Applications/Unity/Hub/Editor/2020.3.25f1/Unity.app/Contents/Resources/UnitySubsystems
[Subsystems] Discovering subsystems at path /Users/jefferyyang/Documents/GitHub.nosync/Liberators/Liberators/Assets
GfxDevice: creating device client; threaded=0
2023-03-24 19:27:46.339 Unity[80119:23770103] (null) preferred device: Apple M1 (high power)
2023-03-24 19:27:46.340 Unity[80119:23770103] Metal devices available: 1
2023-03-24 19:27:46.340 Unity[80119:23770103] 0: Apple M1 (high power)
2023-03-24 19:27:46.340 Unity[80119:23770103] Using device Apple M1 (high power)
Initializing Metal device caps: Apple M1
Initialize mono
Mono path[0] = '/Applications/Unity/Hub/Editor/2020.3.25f1/Unity.app/Contents/Managed'
Mono path[1] = '/Applications/Unity/Hub/Editor/2020.3.25f1/Unity.app/Contents/MonoBleedingEdge/lib/mono/unityjit'
Mono config path = '/Applications/Unity/Hub/Editor/2020.3.25f1/Unity.app/Contents/MonoBleedingEdge/etc'
Using monoOptions --debugger-agent=transport=dt_socket,embedding=1,server=y,suspend=n,address=127.0.0.1:56119
Begin MonoManager ReloadAssembly
Registering precompiled unity dll's ...
Register platform support module: /Applications/Unity/Hub/Editor/2020.3.25f1/Unity.app/Contents/PlaybackEngines/MacStandaloneSupport/UnityEditor.OSXStandalone.Extensions.dll
Register platform support module: /Applications/Unity/Hub/Editor/2020.3.25f1/PlaybackEngines/WindowsStandaloneSupport/UnityEditor.WindowsStandalone.Extensions.dll
Register platform support module: /Applications/Unity/Hub/Editor/2020.3.25f1/PlaybackEngines/LinuxStandaloneSupport/UnityEditor.LinuxStandalone.Extensions.dll
Registered in 0.002734 seconds.
Native extension for LinuxStandalone target not found
Native extension for WindowsStandalone target not found
Native extension for OSXStandalone target not found
Refreshing native plugins compatible for Editor in 84.96 ms, found 3 plugins.
Preloading 0 native plugins for Editor in 0.00 ms.
Mono: successfully reloaded assembly
- Completed reload, in  1.855 seconds
Domain Reload Profiling:
	ReloadAssembly (1856ms)
		BeginReloadAssembly (117ms)
			ExecutionOrderSort (0ms)
			DisableScriptedObjects (0ms)
			BackupInstance (0ms)
			ReleaseScriptingObjects (0ms)
			CreateAndSetChildDomain (4ms)
		EndReloadAssembly (1570ms)
			LoadAssemblies (114ms)
			RebuildTransferFunctionScriptingTraits (0ms)
			SetupTypeCache (258ms)
			ReleaseScriptCaches (0ms)
			RebuildScriptCaches (55ms)
			SetupLoadedEditorAssemblies (841ms)
				LogAssemblyErrors (0ms)
				InitializePlatformSupportModulesInManaged (24ms)
				SetLoadedEditorAssemblies (1ms)
				RefreshPlugins (85ms)
				BeforeProcessingInitializeOnLoad (127ms)
				ProcessInitializeOnLoadAttributes (452ms)
				ProcessInitializeOnLoadMethodAttributes (150ms)
				AfterProcessingInitializeOnLoad (0ms)
				EditorAssembliesLoaded (2ms)
			ExecutionOrderSort2 (0ms)
			AwakeInstancesAfterBackupRestoration (0ms)
Platform modules already initialized, skipping
Registering precompiled user dll's ...
Registered in 0.005423 seconds.
Begin MonoManager ReloadAssembly
Native extension for LinuxStandalone target not found
Native extension for WindowsStandalone target not found
Native extension for OSXStandalone target not found
Refreshing native plugins compatible for Editor in 90.06 ms, found 3 plugins.
Preloading 0 native plugins for Editor in 0.00 ms.
Mono: successfully reloaded assembly
- Completed reload, in  3.575 seconds
Domain Reload Profiling:
	ReloadAssembly (3578ms)
		BeginReloadAssembly (338ms)
			ExecutionOrderSort (0ms)
			DisableScriptedObjects (47ms)
			BackupInstance (0ms)
			ReleaseScriptingObjects (0ms)
			CreateAndSetChildDomain (40ms)
		EndReloadAssembly (3112ms)
			LoadAssemblies (269ms)
			RebuildTransferFunctionScriptingTraits (0ms)
			SetupTypeCache (526ms)
			ReleaseScriptCaches (1ms)
			RebuildScriptCaches (79ms)
			SetupLoadedEditorAssemblies (1751ms)
				LogAssemblyErrors (0ms)
				InitializePlatformSupportModulesInManaged (33ms)
				SetLoadedEditorAssemblies (1ms)
				RefreshPlugins (90ms)
				BeforeProcessingInitializeOnLoad (259ms)
				ProcessInitializeOnLoadAttributes (1297ms)
				ProcessInitializeOnLoadMethodAttributes (70ms)
				AfterProcessingInitializeOnLoad (1ms)
				EditorAssembliesLoaded (0ms)
			ExecutionOrderSort2 (0ms)
			AwakeInstancesAfterBackupRestoration (46ms)
Platform modules already initialized, skipping
Validating Project structure ... 0.034553 seconds.
Shader import version has changed; will reimport all shaders...
Upgrading shader files ...0.029282 seconds.
Application.AssetDatabase Initial Script Refresh Start
RefreshInfo: InitialScriptRefreshV2(NoUpdateAssetOptions) scanfilter:  ... 1 filters
RefreshProfiler: Total: 0.000ms
Application.AssetDatabase Initial Script Refresh End
Application.AssetDatabase.Refresh Start
Application.AssetDatabase.Refresh End
RefreshInfo: StopAssetImportingV2(ForceSynchronousImport) scanfilter: 
RefreshProfiler: Total: 0.000ms
Launching external process: /Applications/Unity/Hub/Editor/2020.3.25f1/Unity.app/Contents/Tools/UnityShaderCompiler
Launched and connected shader compiler UnityShaderCompiler after 0.15 seconds
Initializing Unity extensions:
2023-03-24 19:27:53.846 Unity[80119:23770103] NSEventModifierFlagFunction specified to -setKeyEquivalentModifierMask: for item <NSMenuItem: 0x7f9671599910 Font Asset, ke='Command-F12'>, but is only supported for system-provided menu items; will not be used
2023-03-24 19:27:53.851 Unity[80119:23770103] NSEventModifierFlagFunction specified to -setKeyEquivalentModifierMask: for item <NSMenuItem: 0x7f967159a250 Font Asset, ke='Command-F12'>, but is only supported for system-provided menu items; will not be used
========================================================================
Worker process is ready to serve import requests
Refreshing native plugins compatible for Editor in 0.70 ms, found 3 plugins.
Preloading 0 native plugins for Editor in 0.00 ms.
Unloading 2657 Unused Serialized files (Serialized files now loaded: 0)
System memory in use before: 107.1 MB.
System memory in use after: 106.5 MB.

Unloading 180 unused Assets to reduce memory usage. Loaded Objects now: 3132.
Total: 4.208750 ms (FindLiveObjects: 0.167791 ms CreateObjectMapping: 0.089208 ms MarkObjects: 3.338625 ms  DeleteObjects: 0.611625 ms)

AssetImportParameters requested are different than current active one (requested -> active):
  custom:video-decoder-ogg-theora: a1e56fd34408186e4bbccfd4996cb3dc -> 
  custom:container-muxer-webm: aa71ff27fc2769a1b78a27578f13a17b -> 
  custom:container-demuxer-webm: 4f35f7cbe854078d1ac9338744f61a02 -> 
  custom:container-demuxer-ogg: 62fdf1f143b41e24485cea50d1cbac27 -> 
  custom:video-encoder-webm-vp8: eb34c28f22e8b96e1ab97ce403110664 -> 
  custom:framework-osx-AVFoundation: e770b220cccbd017edd2c1fefb359320 -> 
  custom:video-decoder-webm-vp8: 9c59270c3fd7afecdb556c50c9e8de78 -> 
  custom:audio-decoder-ogg-vorbis: bf7c407c2cedff20999df2af8eb42d56 -> 
  custom:audio-encoder-webm-vorbis: bf7c407c2cedff20999df2af8eb42d56 -> 
========================================================================
Received Import Request.
  path: Assets/Scripts/Object Scripts/Gameplay Scripts/Ability Scripts/CombatAbility.cs
  artifactKey: Guid(06ee35cf9cf8c49c5b86c7d2feb16252) Importer(815301076,1909f56bfc062723c751e8b465ee728b)
Start importing Assets/Scripts/Object Scripts/Gameplay Scripts/Ability Scripts/CombatAbility.cs using Guid(06ee35cf9cf8c49c5b86c7d2feb16252) Importer(815301076,1909f56bfc062723c751e8b465ee728b)  -> (artifact id: '35b40cb43f5206f0d4398e8b9a1c5d93') in 0.410184 seconds 
  Import took 0.422031 seconds .

========================================================================
Received Import Request.
  Time since last request: 0.001971 seconds.
  path: Assets/Scripts/Object Scripts/Gameplay Scripts/Ability Scripts/PassiveAbility.cs
  artifactKey: Guid(34e04e817db064da58fc69bba8ce9311) Importer(815301076,1909f56bfc062723c751e8b465ee728b)
Start importing Assets/Scripts/Object Scripts/Gameplay Scripts/Ability Scripts/PassiveAbility.cs using Guid(34e04e817db064da58fc69bba8ce9311) Importer(815301076,1909f56bfc062723c751e8b465ee728b)  -> (artifact id: '518be2d194499c4918df0247f7312c30') in 0.001879 seconds 
  Import took 0.008982 seconds .

========================================================================
Received Import Request.
  Time since last request: 15.164592 seconds.
  path: Assets/Scripts/Object Scripts/Gameplay Scripts/Ability Scripts/Ability.cs
  artifactKey: Guid(67a77f5bb98f1433892e2c93c72d91e7) Importer(815301076,1909f56bfc062723c751e8b465ee728b)
Start importing Assets/Scripts/Object Scripts/Gameplay Scripts/Ability Scripts/Ability.cs using Guid(67a77f5bb98f1433892e2c93c72d91e7) Importer(815301076,1909f56bfc062723c751e8b465ee728b)  -> (artifact id: '945ce77cd1fa59afad942dd1e923acb1') in 0.003384 seconds 
  Import took 0.011904 seconds .

========================================================================
Received Prepare
Registering precompiled user dll's ...
Registered in 0.005997 seconds.
Begin MonoManager ReloadAssembly
Native extension for LinuxStandalone target not found
Native extension for WindowsStandalone target not found
Native extension for OSXStandalone target not found
Refreshing native plugins compatible for Editor in 0.75 ms, found 3 plugins.
Preloading 0 native plugins for Editor in 0.00 ms.
2023-03-24 19:30:03.358 Unity[80119:23770103] NSEventModifierFlagFunction specified to -setKeyEquivalentModifierMask: for item <NSMenuItem: 0x7f9682d8ff50 Font Asset, ke='Command-F12'>, but is only supported for system-provided menu items; will not be used
Mono: successfully reloaded assembly
- Completed reload, in  3.540 seconds
Domain Reload Profiling:
	ReloadAssembly (3543ms)
		BeginReloadAssembly (339ms)
			ExecutionOrderSort (0ms)
			DisableScriptedObjects (57ms)
			BackupInstance (0ms)
			ReleaseScriptingObjects (0ms)
			CreateAndSetChildDomain (118ms)
		EndReloadAssembly (3073ms)
			LoadAssemblies (268ms)
			RebuildTransferFunctionScriptingTraits (0ms)
			SetupTypeCache (529ms)
			ReleaseScriptCaches (1ms)
			RebuildScriptCaches (67ms)
			SetupLoadedEditorAssemblies (1768ms)
				LogAssemblyErrors (0ms)
				InitializePlatformSupportModulesInManaged (21ms)
				SetLoadedEditorAssemblies (2ms)
				RefreshPlugins (1ms)
				BeforeProcessingInitializeOnLoad (356ms)
				ProcessInitializeOnLoadAttributes (1333ms)
				ProcessInitializeOnLoadMethodAttributes (53ms)
				AfterProcessingInitializeOnLoad (1ms)
				EditorAssembliesLoaded (0ms)
			ExecutionOrderSort2 (0ms)
			AwakeInstancesAfterBackupRestoration (56ms)
Platform modules already initialized, skipping
Refreshing native plugins compatible for Editor in 0.75 ms, found 3 plugins.
Preloading 0 native plugins for Editor in 0.00 ms.
Unloading 2628 Unused Serialized files (Serialized files now loaded: 0)
System memory in use before: 184.6 MB.
System memory in use after: 184.8 MB.

Unloading 22 unused Assets to reduce memory usage. Loaded Objects now: 3132.
Total: 3.823959 ms (FindLiveObjects: 0.216042 ms CreateObjectMapping: 0.088000 ms MarkObjects: 3.478416 ms  DeleteObjects: 0.039750 ms)

AssetImportParameters requested are different than current active one (requested -> active):
  custom:video-decoder-ogg-theora: a1e56fd34408186e4bbccfd4996cb3dc -> 
  custom:container-muxer-webm: aa71ff27fc2769a1b78a27578f13a17b -> 
  custom:container-demuxer-webm: 4f35f7cbe854078d1ac9338744f61a02 -> 
  custom:container-demuxer-ogg: 62fdf1f143b41e24485cea50d1cbac27 -> 
  custom:video-encoder-webm-vp8: eb34c28f22e8b96e1ab97ce403110664 -> 
  custom:framework-osx-AVFoundation: e770b220cccbd017edd2c1fefb359320 -> 
  custom:video-decoder-webm-vp8: 9c59270c3fd7afecdb556c50c9e8de78 -> 
  custom:audio-decoder-ogg-vorbis: bf7c407c2cedff20999df2af8eb42d56 -> 
  custom:audio-encoder-webm-vorbis: bf7c407c2cedff20999df2af8eb42d56 -> 
========================================================================
Received Import Request.
  Time since last request: 558.313029 seconds.
  path: Assets/Prefabs/_UI Prefabs/CombatPreview.prefab
  artifactKey: Guid(478bd26558f654ec898f9169212fdd27) Importer(815301076,1909f56bfc062723c751e8b465ee728b)
Start importing Assets/Prefabs/_UI Prefabs/CombatPreview.prefab using Guid(478bd26558f654ec898f9169212fdd27) Importer(815301076,1909f56bfc062723c751e8b465ee728b)  -> (artifact id: 'b1d5f443d125a9eb7289850daedfb324') in 1.075259 seconds 
  Import took 1.104341 seconds .

========================================================================
Received Import Request.
  Time since last request: 187.543282 seconds.
  path: Assets/Prefabs/_UI Prefabs/CombatPreview.prefab
  artifactKey: Guid(478bd26558f654ec898f9169212fdd27) Importer(815301076,1909f56bfc062723c751e8b465ee728b)
Start importing Assets/Prefabs/_UI Prefabs/CombatPreview.prefab using Guid(478bd26558f654ec898f9169212fdd27) Importer(815301076,1909f56bfc062723c751e8b465ee728b)  -> (artifact id: '02b9ec7c3b648bc61e1a52f1e6c77536') in 0.009791 seconds 
  Import took 0.017118 seconds .

========================================================================
Received Import Request.
  Time since last request: 319.158083 seconds.
  path: Assets/Prefabs/_UI Prefabs/CombatPreview.prefab
  artifactKey: Guid(478bd26558f654ec898f9169212fdd27) Importer(815301076,1909f56bfc062723c751e8b465ee728b)
Start importing Assets/Prefabs/_UI Prefabs/CombatPreview.prefab using Guid(478bd26558f654ec898f9169212fdd27) Importer(815301076,1909f56bfc062723c751e8b465ee728b)  -> (artifact id: '272c2070e3c4a57cae9548d705d5cfbf') in 0.144596 seconds 
  Import took 0.166153 seconds .

========================================================================
Received Import Request.
  Time since last request: 8.268482 seconds.
  path: Assets/Prefabs/_UI Prefabs/CombatPreview 1.prefab
  artifactKey: Guid(8d1229067c59d4442be95a96598dcf3b) Importer(815301076,1909f56bfc062723c751e8b465ee728b)
Start importing Assets/Prefabs/_UI Prefabs/CombatPreview 1.prefab using Guid(8d1229067c59d4442be95a96598dcf3b) Importer(815301076,1909f56bfc062723c751e8b465ee728b)  -> (artifact id: 'd9fe422de825894cfabe6134a3dee246') in 0.031901 seconds 
  Import took 0.039026 seconds .

========================================================================
Received Import Request.
  Time since last request: 10.241595 seconds.
  path: Assets/Prefabs/_UI Prefabs/CombatPreview.prefab
  artifactKey: Guid(8d1229067c59d4442be95a96598dcf3b) Importer(815301076,1909f56bfc062723c751e8b465ee728b)
Start importing Assets/Prefabs/_UI Prefabs/CombatPreview.prefab using Guid(8d1229067c59d4442be95a96598dcf3b) Importer(815301076,1909f56bfc062723c751e8b465ee728b)  -> (artifact id: '6575714dd46124f91daca385547ad0a3') in 0.022802 seconds 
  Import took 0.029365 seconds .

========================================================================
Received Prepare
Registering precompiled user dll's ...
Registered in 0.005821 seconds.
Begin MonoManager ReloadAssembly
Native extension for LinuxStandalone target not found
Native extension for WindowsStandalone target not found
Native extension for OSXStandalone target not found
Refreshing native plugins compatible for Editor in 0.76 ms, found 3 plugins.
Preloading 0 native plugins for Editor in 0.00 ms.
2023-03-24 19:50:29.016 Unity[80119:23770103] NSEventModifierFlagFunction specified to -setKeyEquivalentModifierMask: for item <NSMenuItem: 0x7f967133a730 Font Asset, ke='Command-F12'>, but is only supported for system-provided menu items; will not be used
Mono: successfully reloaded assembly
- Completed reload, in  3.562 seconds
Domain Reload Profiling:
	ReloadAssembly (3564ms)
		BeginReloadAssembly (334ms)
			ExecutionOrderSort (0ms)
			DisableScriptedObjects (58ms)
			BackupInstance (0ms)
			ReleaseScriptingObjects (0ms)
			CreateAndSetChildDomain (125ms)
		EndReloadAssembly (3099ms)
			LoadAssemblies (279ms)
			RebuildTransferFunctionScriptingTraits (0ms)
			SetupTypeCache (542ms)
			ReleaseScriptCaches (1ms)
			RebuildScriptCaches (68ms)
			SetupLoadedEditorAssemblies (1774ms)
				LogAssemblyErrors (0ms)
				InitializePlatformSupportModulesInManaged (22ms)
				SetLoadedEditorAssemblies (3ms)
				RefreshPlugins (1ms)
				BeforeProcessingInitializeOnLoad (363ms)
				ProcessInitializeOnLoadAttributes (1334ms)
				ProcessInitializeOnLoadMethodAttributes (50ms)
				AfterProcessingInitializeOnLoad (1ms)
				EditorAssembliesLoaded (0ms)
			ExecutionOrderSort2 (0ms)
			AwakeInstancesAfterBackupRestoration (56ms)
Platform modules already initialized, skipping
Refreshing native plugins compatible for Editor in 0.78 ms, found 3 plugins.
Preloading 0 native plugins for Editor in 0.00 ms.
Unloading 2628 Unused Serialized files (Serialized files now loaded: 0)
System memory in use before: 266.4 MB.
System memory in use after: 266.6 MB.

Unloading 18 unused Assets to reduce memory usage. Loaded Objects now: 3134.
Total: 3.504667 ms (FindLiveObjects: 0.165375 ms CreateObjectMapping: 0.082834 ms MarkObjects: 3.214375 ms  DeleteObjects: 0.040917 ms)

AssetImportParameters requested are different than current active one (requested -> active):
  custom:video-decoder-ogg-theora: a1e56fd34408186e4bbccfd4996cb3dc -> 
  custom:container-muxer-webm: aa71ff27fc2769a1b78a27578f13a17b -> 
  custom:container-demuxer-webm: 4f35f7cbe854078d1ac9338744f61a02 -> 
  custom:container-demuxer-ogg: 62fdf1f143b41e24485cea50d1cbac27 -> 
  custom:video-encoder-webm-vp8: eb34c28f22e8b96e1ab97ce403110664 -> 
  custom:framework-osx-AVFoundation: e770b220cccbd017edd2c1fefb359320 -> 
  custom:video-decoder-webm-vp8: 9c59270c3fd7afecdb556c50c9e8de78 -> 
  custom:audio-decoder-ogg-vorbis: bf7c407c2cedff20999df2af8eb42d56 -> 
  custom:audio-encoder-webm-vorbis: bf7c407c2cedff20999df2af8eb42d56 -> 
========================================================================
Received Prepare
Registering precompiled user dll's ...
Registered in 0.005766 seconds.
Begin MonoManager ReloadAssembly
Native extension for LinuxStandalone target not found
Native extension for WindowsStandalone target not found
Native extension for OSXStandalone target not found
Refreshing native plugins compatible for Editor in 0.73 ms, found 3 plugins.
Preloading 0 native plugins for Editor in 0.00 ms.
2023-03-24 19:53:59.676 Unity[80119:23770103] NSEventModifierFlagFunction specified to -setKeyEquivalentModifierMask: for item <NSMenuItem: 0x7f96712a2d00 Font Asset, ke='Command-F12'>, but is only supported for system-provided menu items; will not be used
Mono: successfully reloaded assembly
- Completed reload, in  3.590 seconds
Domain Reload Profiling:
	ReloadAssembly (3592ms)
		BeginReloadAssembly (336ms)
			ExecutionOrderSort (0ms)
			DisableScriptedObjects (57ms)
			BackupInstance (0ms)
			ReleaseScriptingObjects (0ms)
			CreateAndSetChildDomain (132ms)
		EndReloadAssembly (3125ms)
			LoadAssemblies (277ms)
			RebuildTransferFunctionScriptingTraits (0ms)
			SetupTypeCache (534ms)
			ReleaseScriptCaches (1ms)
			RebuildScriptCaches (67ms)
			SetupLoadedEditorAssemblies (1785ms)
				LogAssemblyErrors (0ms)
				InitializePlatformSupportModulesInManaged (21ms)
				SetLoadedEditorAssemblies (3ms)
				RefreshPlugins (1ms)
				BeforeProcessingInitializeOnLoad (357ms)
				ProcessInitializeOnLoadAttributes (1352ms)
				ProcessInitializeOnLoadMethodAttributes (49ms)
				AfterProcessingInitializeOnLoad (1ms)
				EditorAssembliesLoaded (0ms)
			ExecutionOrderSort2 (0ms)
			AwakeInstancesAfterBackupRestoration (57ms)
Platform modules already initialized, skipping
Refreshing native plugins compatible for Editor in 0.73 ms, found 3 plugins.
Preloading 0 native plugins for Editor in 0.00 ms.
Unloading 2628 Unused Serialized files (Serialized files now loaded: 0)
System memory in use before: 269.1 MB.
System memory in use after: 269.3 MB.

Unloading 18 unused Assets to reduce memory usage. Loaded Objects now: 3136.
Total: 3.495417 ms (FindLiveObjects: 0.175875 ms CreateObjectMapping: 0.083166 ms MarkObjects: 3.203042 ms  DeleteObjects: 0.031958 ms)

AssetImportParameters requested are different than current active one (requested -> active):
  custom:video-decoder-ogg-theora: a1e56fd34408186e4bbccfd4996cb3dc -> 
  custom:container-muxer-webm: aa71ff27fc2769a1b78a27578f13a17b -> 
  custom:container-demuxer-webm: 4f35f7cbe854078d1ac9338744f61a02 -> 
  custom:container-demuxer-ogg: 62fdf1f143b41e24485cea50d1cbac27 -> 
  custom:video-encoder-webm-vp8: eb34c28f22e8b96e1ab97ce403110664 -> 
  custom:framework-osx-AVFoundation: e770b220cccbd017edd2c1fefb359320 -> 
  custom:video-decoder-webm-vp8: 9c59270c3fd7afecdb556c50c9e8de78 -> 
  custom:audio-decoder-ogg-vorbis: bf7c407c2cedff20999df2af8eb42d56 -> 
  custom:audio-encoder-webm-vorbis: bf7c407c2cedff20999df2af8eb42d56 -> 
========================================================================
Received Prepare
Registering precompiled user dll's ...
Registered in 0.008351 seconds.
Begin MonoManager ReloadAssembly
Native extension for LinuxStandalone target not found
Native extension for WindowsStandalone target not found
Native extension for OSXStandalone target not found
Refreshing native plugins compatible for Editor in 0.74 ms, found 3 plugins.
Preloading 0 native plugins for Editor in 0.00 ms.
2023-03-24 19:54:51.048 Unity[80119:23770103] NSEventModifierFlagFunction specified to -setKeyEquivalentModifierMask: for item <NSMenuItem: 0x7f9671152b00 Font Asset, ke='Command-F12'>, but is only supported for system-provided menu items; will not be used
Mono: successfully reloaded assembly
- Completed reload, in  3.583 seconds
Domain Reload Profiling:
	ReloadAssembly (3584ms)
		BeginReloadAssembly (279ms)
			ExecutionOrderSort (0ms)
			DisableScriptedObjects (53ms)
			BackupInstance (0ms)
			ReleaseScriptingObjects (0ms)
			CreateAndSetChildDomain (85ms)
		EndReloadAssembly (3177ms)
			LoadAssemblies (269ms)
			RebuildTransferFunctionScriptingTraits (0ms)
			SetupTypeCache (554ms)
			ReleaseScriptCaches (1ms)
			RebuildScriptCaches (71ms)
			SetupLoadedEditorAssemblies (1798ms)
				LogAssemblyErrors (0ms)
				InitializePlatformSupportModulesInManaged (25ms)
				SetLoadedEditorAssemblies (4ms)
				RefreshPlugins (1ms)
				BeforeProcessingInitializeOnLoad (356ms)
				ProcessInitializeOnLoadAttributes (1358ms)
				ProcessInitializeOnLoadMethodAttributes (53ms)
				AfterProcessingInitializeOnLoad (2ms)
				EditorAssembliesLoaded (0ms)
			ExecutionOrderSort2 (0ms)
			AwakeInstancesAfterBackupRestoration (73ms)
Platform modules already initialized, skipping
Refreshing native plugins compatible for Editor in 0.82 ms, found 3 plugins.
Preloading 0 native plugins for Editor in 0.00 ms.
Unloading 2628 Unused Serialized files (Serialized files now loaded: 0)
System memory in use before: 271.8 MB.
System memory in use after: 272.0 MB.

Unloading 18 unused Assets to reduce memory usage. Loaded Objects now: 3138.
Total: 3.606542 ms (FindLiveObjects: 0.180625 ms CreateObjectMapping: 0.096125 ms MarkObjects: 3.298667 ms  DeleteObjects: 0.029917 ms)

AssetImportParameters requested are different than current active one (requested -> active):
  custom:video-decoder-ogg-theora: a1e56fd34408186e4bbccfd4996cb3dc -> 
  custom:container-muxer-webm: aa71ff27fc2769a1b78a27578f13a17b -> 
  custom:container-demuxer-webm: 4f35f7cbe854078d1ac9338744f61a02 -> 
  custom:container-demuxer-ogg: 62fdf1f143b41e24485cea50d1cbac27 -> 
  custom:video-encoder-webm-vp8: eb34c28f22e8b96e1ab97ce403110664 -> 
  custom:framework-osx-AVFoundation: e770b220cccbd017edd2c1fefb359320 -> 
  custom:video-decoder-webm-vp8: 9c59270c3fd7afecdb556c50c9e8de78 -> 
  custom:audio-decoder-ogg-vorbis: bf7c407c2cedff20999df2af8eb42d56 -> 
  custom:audio-encoder-webm-vorbis: bf7c407c2cedff20999df2af8eb42d56 -> 
========================================================================
Received Import Request.
  Time since last request: 621.635501 seconds.
  path: Assets/Ability XML Files/Movement
  artifactKey: Guid(a35669ccb5f6a439faaa76f7cbe3c461) Importer(815301076,1909f56bfc062723c751e8b465ee728b)
Start importing Assets/Ability XML Files/Movement using Guid(a35669ccb5f6a439faaa76f7cbe3c461) Importer(815301076,1909f56bfc062723c751e8b465ee728b)  -> (artifact id: '734084ef78c4c51971846fe6819d92e2') in 0.013054 seconds 
  Import took 0.024728 seconds .

========================================================================
Received Prepare
Registering precompiled user dll's ...
Registered in 0.006297 seconds.
Begin MonoManager ReloadAssembly
Native extension for LinuxStandalone target not found
Native extension for WindowsStandalone target not found
Native extension for OSXStandalone target not found
Refreshing native plugins compatible for Editor in 0.72 ms, found 3 plugins.
Preloading 0 native plugins for Editor in 0.00 ms.
2023-03-24 19:56:52.373 Unity[80119:23770103] NSEventModifierFlagFunction specified to -setKeyEquivalentModifierMask: for item <NSMenuItem: 0x7f9682f69ea0 Font Asset, ke='Command-F12'>, but is only supported for system-provided menu items; will not be used
Mono: successfully reloaded assembly
- Completed reload, in  3.562 seconds
Domain Reload Profiling:
	ReloadAssembly (3564ms)
		BeginReloadAssembly (291ms)
			ExecutionOrderSort (0ms)
			DisableScriptedObjects (53ms)
			BackupInstance (0ms)
			ReleaseScriptingObjects (0ms)
			CreateAndSetChildDomain (93ms)
		EndReloadAssembly (3140ms)
			LoadAssemblies (277ms)
			RebuildTransferFunctionScriptingTraits (0ms)
			SetupTypeCache (530ms)
			ReleaseScriptCaches (1ms)
			RebuildScriptCaches (72ms)
			SetupLoadedEditorAssemblies (1819ms)
				LogAssemblyErrors (0ms)
				InitializePlatformSupportModulesInManaged (22ms)
				SetLoadedEditorAssemblies (2ms)
				RefreshPlugins (1ms)
				BeforeProcessingInitializeOnLoad (354ms)
				ProcessInitializeOnLoadAttributes (1383ms)
				ProcessInitializeOnLoadMethodAttributes (56ms)
				AfterProcessingInitializeOnLoad (1ms)
				EditorAssembliesLoaded (0ms)
			ExecutionOrderSort2 (0ms)
			AwakeInstancesAfterBackupRestoration (56ms)
Platform modules already initialized, skipping
Refreshing native plugins compatible for Editor in 0.80 ms, found 3 plugins.
Preloading 0 native plugins for Editor in 0.00 ms.
Unloading 2628 Unused Serialized files (Serialized files now loaded: 0)
System memory in use before: 274.5 MB.
System memory in use after: 274.8 MB.

Unloading 18 unused Assets to reduce memory usage. Loaded Objects now: 3140.
Total: 3.557875 ms (FindLiveObjects: 0.154083 ms CreateObjectMapping: 0.094000 ms MarkObjects: 3.287334 ms  DeleteObjects: 0.021042 ms)

AssetImportParameters requested are different than current active one (requested -> active):
  custom:video-decoder-ogg-theora: a1e56fd34408186e4bbccfd4996cb3dc -> 
  custom:container-muxer-webm: aa71ff27fc2769a1b78a27578f13a17b -> 
  custom:container-demuxer-webm: 4f35f7cbe854078d1ac9338744f61a02 -> 
  custom:container-demuxer-ogg: 62fdf1f143b41e24485cea50d1cbac27 -> 
  custom:video-encoder-webm-vp8: eb34c28f22e8b96e1ab97ce403110664 -> 
  custom:framework-osx-AVFoundation: e770b220cccbd017edd2c1fefb359320 -> 
  custom:video-decoder-webm-vp8: 9c59270c3fd7afecdb556c50c9e8de78 -> 
  custom:audio-decoder-ogg-vorbis: bf7c407c2cedff20999df2af8eb42d56 -> 
  custom:audio-encoder-webm-vorbis: bf7c407c2cedff20999df2af8eb42d56 -> 
========================================================================
Received Import Request.
  Time since last request: 18.205719 seconds.
  path: Assets/Custom Objects/Gameplay Objects/Abilities/Movement Abilities/Move.asset
  artifactKey: Guid(282e41814c0c94219bc771108b1e5bf9) Importer(815301076,1909f56bfc062723c751e8b465ee728b)
Start importing Assets/Custom Objects/Gameplay Objects/Abilities/Movement Abilities/Move.asset using Guid(282e41814c0c94219bc771108b1e5bf9) Importer(815301076,1909f56bfc062723c751e8b465ee728b)  -> (artifact id: 'a3090e8866f995b9debc5b4b23226f88') in 0.121944 seconds 
  Import took 0.132381 seconds .

========================================================================
Received Import Request.
  Time since last request: 62.189566 seconds.
  path: Assets/Custom Objects/Gameplay Objects/Units/Player Characters/Colin.asset
  artifactKey: Guid(1b9ef72a3dff64d32af3f1d0b62c6c10) Importer(815301076,1909f56bfc062723c751e8b465ee728b)
Start importing Assets/Custom Objects/Gameplay Objects/Units/Player Characters/Colin.asset using Guid(1b9ef72a3dff64d32af3f1d0b62c6c10) Importer(815301076,1909f56bfc062723c751e8b465ee728b) Serialization depth limit 10 exceeded at 'SkillNode.childSkills'. There may be an object composition cycle in one or more of your serialized classes.

Serialization hierarchy:
11: SkillNode.childSkills
10: SkillNode.childSkills
9: SkillNode.childSkills
8: SkillNode.childSkills
7: SkillNode.childSkills
6: SkillNode.childSkills
5: SkillNode.childSkills
4: SkillNode.childSkills
3: SkillNode.childSkills
2: SkillNode.childSkills
1: SkillNode.childSkills
0: SkillTree.rootSkill
Serialization depth limit 10 exceeded at 'SkillNode.childSkills'. There may be an object composition cycle in one or more of your serialized classes.

Serialization hierarchy:
11: SkillNode.childSkills
10: SkillNode.childSkills
9: SkillNode.childSkills
8: SkillNode.childSkills
7: SkillNode.childSkills
6: SkillNode.childSkills
5: SkillNode.childSkills
4: SkillNode.childSkills
3: SkillNode.childSkills
2: SkillNode.childSkills
1: SkillNode.childSkills
0: SkillNode.childSkills
 -> (artifact id: '09e7b90eff4a4e965f552eb713e3093c') in 0.021864 seconds 
  Import took 0.032376 seconds .

========================================================================
Received Import Request.
  Time since last request: 102.594685 seconds.
  path: Assets/Custom Objects/Gameplay Objects/Weapons/Arc Battleaxe/Arc Battleaxe Secondary Attack.asset
  artifactKey: Guid(31e9dee7080a34460a958bc161f6c362) Importer(815301076,1909f56bfc062723c751e8b465ee728b)
Start importing Assets/Custom Objects/Gameplay Objects/Weapons/Arc Battleaxe/Arc Battleaxe Secondary Attack.asset using Guid(31e9dee7080a34460a958bc161f6c362) Importer(815301076,1909f56bfc062723c751e8b465ee728b)  -> (artifact id: 'fcd3330b32283197384df310576080c3') in 0.018583 seconds 
  Import took 0.041219 seconds .

========================================================================
Received Import Request.
  Time since last request: 0.000467 seconds.
  path: Assets/Custom Objects/Gameplay Objects/Weapons/Arc Battleaxe/Arc Battleaxe Primary Attack.asset
  artifactKey: Guid(338317a6c8eb54259a6fff68ca33f948) Importer(815301076,1909f56bfc062723c751e8b465ee728b)
Start importing Assets/Custom Objects/Gameplay Objects/Weapons/Arc Battleaxe/Arc Battleaxe Primary Attack.asset using Guid(338317a6c8eb54259a6fff68ca33f948) Importer(815301076,1909f56bfc062723c751e8b465ee728b)  -> (artifact id: '39dd504f038e6d088c79014da537c7b5') in 0.007970 seconds 
  Import took 0.015789 seconds .

========================================================================
Received Prepare
Registering precompiled user dll's ...
Registered in 0.005623 seconds.
Begin MonoManager ReloadAssembly
Native extension for LinuxStandalone target not found
Native extension for WindowsStandalone target not found
Native extension for OSXStandalone target not found
Refreshing native plugins compatible for Editor in 0.73 ms, found 3 plugins.
Preloading 0 native plugins for Editor in 0.00 ms.
2023-03-24 20:00:58.119 Unity[80119:23770103] NSEventModifierFlagFunction specified to -setKeyEquivalentModifierMask: for item <NSMenuItem: 0x7f9682fc8170 Font Asset, ke='Command-F12'>, but is only supported for system-provided menu items; will not be used
Mono: successfully reloaded assembly
- Completed reload, in  3.566 seconds
Domain Reload Profiling:
	ReloadAssembly (3567ms)
		BeginReloadAssembly (326ms)
			ExecutionOrderSort (0ms)
			DisableScriptedObjects (59ms)
			BackupInstance (0ms)
			ReleaseScriptingObjects (0ms)
			CreateAndSetChildDomain (117ms)
		EndReloadAssembly (3109ms)
			LoadAssemblies (275ms)
			RebuildTransferFunctionScriptingTraits (0ms)
			SetupTypeCache (534ms)
			ReleaseScriptCaches (1ms)
			RebuildScriptCaches (67ms)
			SetupLoadedEditorAssemblies (1793ms)
				LogAssemblyErrors (0ms)
				InitializePlatformSupportModulesInManaged (22ms)
				SetLoadedEditorAssemblies (3ms)
				RefreshPlugins (1ms)
				BeforeProcessingInitializeOnLoad (371ms)
				ProcessInitializeOnLoadAttributes (1342ms)
				ProcessInitializeOnLoadMethodAttributes (52ms)
				AfterProcessingInitializeOnLoad (1ms)
				EditorAssembliesLoaded (0ms)
			ExecutionOrderSort2 (0ms)
			AwakeInstancesAfterBackupRestoration (57ms)
Platform modules already initialized, skipping
Refreshing native plugins compatible for Editor in 0.73 ms, found 3 plugins.
Preloading 0 native plugins for Editor in 0.00 ms.
Unloading 2628 Unused Serialized files (Serialized files now loaded: 0)
System memory in use before: 356.4 MB.
System memory in use after: 356.6 MB.

Unloading 18 unused Assets to reduce memory usage. Loaded Objects now: 3142.
Total: 3.557792 ms (FindLiveObjects: 0.185166 ms CreateObjectMapping: 0.086959 ms MarkObjects: 3.259084 ms  DeleteObjects: 0.025542 ms)

AssetImportParameters requested are different than current active one (requested -> active):
  custom:video-decoder-ogg-theora: a1e56fd34408186e4bbccfd4996cb3dc -> 
  custom:container-muxer-webm: aa71ff27fc2769a1b78a27578f13a17b -> 
  custom:container-demuxer-webm: 4f35f7cbe854078d1ac9338744f61a02 -> 
  custom:container-demuxer-ogg: 62fdf1f143b41e24485cea50d1cbac27 -> 
  custom:video-encoder-webm-vp8: eb34c28f22e8b96e1ab97ce403110664 -> 
  custom:framework-osx-AVFoundation: e770b220cccbd017edd2c1fefb359320 -> 
  custom:video-decoder-webm-vp8: 9c59270c3fd7afecdb556c50c9e8de78 -> 
  custom:audio-decoder-ogg-vorbis: bf7c407c2cedff20999df2af8eb42d56 -> 
  custom:audio-encoder-webm-vorbis: bf7c407c2cedff20999df2af8eb42d56 -> 
========================================================================
Received Import Request.
  Time since last request: 82.166339 seconds.
  path: Assets/Ability XML Files/Weapons/ArcBattleaxePrimary.xml
  artifactKey: Guid(16012100de9ba460991bd6420696803f) Importer(815301076,1909f56bfc062723c751e8b465ee728b)
Start importing Assets/Ability XML Files/Weapons/ArcBattleaxePrimary.xml using Guid(16012100de9ba460991bd6420696803f) Importer(815301076,1909f56bfc062723c751e8b465ee728b)  -> (artifact id: 'd2172672ac52e74930f592fb6f685fc3') in 2.065616 seconds 
  Import took 2.076541 seconds .

========================================================================
Received Import Request.
  Time since last request: 0.000264 seconds.
  path: Assets/Ability XML Files/Weapons/ArcBattleaxeSecondary.xml
  artifactKey: Guid(b878a3885c412470098fb6dda77a5434) Importer(815301076,1909f56bfc062723c751e8b465ee728b)
Start importing Assets/Ability XML Files/Weapons/ArcBattleaxeSecondary.xml using Guid(b878a3885c412470098fb6dda77a5434) Importer(815301076,1909f56bfc062723c751e8b465ee728b)  -> (artifact id: 'd2d3834fff0bd90b34352406bc57feac') in 0.002429 seconds 
  Import took 0.009184 seconds .

========================================================================
Received Import Request.
  Time since last request: 0.000281 seconds.
  path: Assets/Ability XML Files/Weapons/ArcBladePrimary.xml
  artifactKey: Guid(a0da2d2c62ad44f49876e54f212fdf87) Importer(815301076,1909f56bfc062723c751e8b465ee728b)
Start importing Assets/Ability XML Files/Weapons/ArcBladePrimary.xml using Guid(a0da2d2c62ad44f49876e54f212fdf87) Importer(815301076,1909f56bfc062723c751e8b465ee728b)  -> (artifact id: '31f8361da1d4faea2b9de632a52875ff') in 0.002752 seconds 
  Import took 0.009866 seconds .

========================================================================
Received Import Request.
  Time since last request: 0.180126 seconds.
  path: Assets/Ability XML Files/Weapons/ArcBladeSecondary.xml
  artifactKey: Guid(62b32fd7159244acfb03e5c91b038ebf) Importer(815301076,1909f56bfc062723c751e8b465ee728b)
Start importing Assets/Ability XML Files/Weapons/ArcBladeSecondary.xml using Guid(62b32fd7159244acfb03e5c91b038ebf) Importer(815301076,1909f56bfc062723c751e8b465ee728b)  -> (artifact id: 'f6d097a80b4c95ec1488f625b59629ac') in 0.002635 seconds 
  Import took 0.010507 seconds .

========================================================================
Received Import Request.
  Time since last request: 0.176169 seconds.
  path: Assets/Ability XML Files/Weapons/ArcEdgePrimary.xml
  artifactKey: Guid(191c6226c342842318d6a318967c6426) Importer(815301076,1909f56bfc062723c751e8b465ee728b)
Start importing Assets/Ability XML Files/Weapons/ArcEdgePrimary.xml using Guid(191c6226c342842318d6a318967c6426) Importer(815301076,1909f56bfc062723c751e8b465ee728b)  -> (artifact id: '79336b3f3cf805e7f4ac8a382a3f0a11') in 0.002502 seconds 
  Import took 0.010345 seconds .

========================================================================
Received Import Request.
  Time since last request: 0.166069 seconds.
  path: Assets/Ability XML Files/Weapons/ArcEdgeSecondary.xml
  artifactKey: Guid(edce6b76abe0a47a4842c30c0118e549) Importer(815301076,1909f56bfc062723c751e8b465ee728b)
Start importing Assets/Ability XML Files/Weapons/ArcEdgeSecondary.xml using Guid(edce6b76abe0a47a4842c30c0118e549) Importer(815301076,1909f56bfc062723c751e8b465ee728b)  -> (artifact id: '8813926bfd29945dc1f03275454b9816') in 0.002683 seconds 
  Import took 0.010652 seconds .

========================================================================
Received Import Request.
  Time since last request: 0.188501 seconds.
  path: Assets/Ability XML Files/Weapons/ArmorLancePrimary.xml
  artifactKey: Guid(64a04b65623a345358c053a85685d11d) Importer(815301076,1909f56bfc062723c751e8b465ee728b)
Start importing Assets/Ability XML Files/Weapons/ArmorLancePrimary.xml using Guid(64a04b65623a345358c053a85685d11d) Importer(815301076,1909f56bfc062723c751e8b465ee728b)  -> (artifact id: '1c4de43456afdf2453a2d53e467b8279') in 0.002725 seconds 
  Import took 0.011380 seconds .

========================================================================
Received Import Request.
  Time since last request: 0.165215 seconds.
  path: Assets/Ability XML Files/Weapons/ArmorLanceSecondary.xml
  artifactKey: Guid(c899b943c059d462b9773eb0a84caadf) Importer(815301076,1909f56bfc062723c751e8b465ee728b)
Start importing Assets/Ability XML Files/Weapons/ArmorLanceSecondary.xml using Guid(c899b943c059d462b9773eb0a84caadf) Importer(815301076,1909f56bfc062723c751e8b465ee728b)  -> (artifact id: '9e9993246745234e892446acd693ab72') in 0.002352 seconds 
  Import took 0.011128 seconds .

========================================================================
Received Import Request.
  Time since last request: 0.180997 seconds.
  path: Assets/Ability XML Files/Weapons/BattleRiflePrimary.xml
  artifactKey: Guid(e6fbdda5837564415a2b131ac7e28469) Importer(815301076,1909f56bfc062723c751e8b465ee728b)
Start importing Assets/Ability XML Files/Weapons/BattleRiflePrimary.xml using Guid(e6fbdda5837564415a2b131ac7e28469) Importer(815301076,1909f56bfc062723c751e8b465ee728b)  -> (artifact id: '5ed4376ea1866678e249a3e352392ca9') in 0.002813 seconds 
  Import took 0.011324 seconds .

========================================================================
Received Import Request.
  Time since last request: 0.176209 seconds.
  path: Assets/Ability XML Files/Weapons/BattleRifleSecondary.xml
  artifactKey: Guid(8c39e8c6fac184a90acc0bfea4d2d367) Importer(815301076,1909f56bfc062723c751e8b465ee728b)
Start importing Assets/Ability XML Files/Weapons/BattleRifleSecondary.xml using Guid(8c39e8c6fac184a90acc0bfea4d2d367) Importer(815301076,1909f56bfc062723c751e8b465ee728b)  -> (artifact id: '29e6fa3f1af1d0f923520149072c0006') in 0.002272 seconds 
  Import took 0.011484 seconds .

========================================================================
Received Import Request.
  Time since last request: 0.176942 seconds.
  path: Assets/Ability XML Files/Weapons/CasterGauntletPrimary.xml
  artifactKey: Guid(c76df4a7e529245209139e0a91e78ab2) Importer(815301076,1909f56bfc062723c751e8b465ee728b)
Start importing Assets/Ability XML Files/Weapons/CasterGauntletPrimary.xml using Guid(c76df4a7e529245209139e0a91e78ab2) Importer(815301076,1909f56bfc062723c751e8b465ee728b)  -> (artifact id: '112ef6344b3fc217b349838a9cf08985') in 0.002239 seconds 
  Import took 0.010833 seconds .

========================================================================
Received Import Request.
  Time since last request: 0.176487 seconds.
  path: Assets/Ability XML Files/Weapons/CasterGauntletSecondary.xml
  artifactKey: Guid(e780df1d160a3445590b48ef98521b21) Importer(815301076,1909f56bfc062723c751e8b465ee728b)
Start importing Assets/Ability XML Files/Weapons/CasterGauntletSecondary.xml using Guid(e780df1d160a3445590b48ef98521b21) Importer(815301076,1909f56bfc062723c751e8b465ee728b)  -> (artifact id: '5d42c9b90128a46fa899203ef8eb8189') in 0.002571 seconds 
  Import took 0.011535 seconds .

========================================================================
Received Import Request.
  Time since last request: 0.169906 seconds.
  path: Assets/Ability XML Files/Weapons/FloretDronePrimary.xml
  artifactKey: Guid(98a86e5f05c5343fb9c7d37c86b74cb1) Importer(815301076,1909f56bfc062723c751e8b465ee728b)
Start importing Assets/Ability XML Files/Weapons/FloretDronePrimary.xml using Guid(98a86e5f05c5343fb9c7d37c86b74cb1) Importer(815301076,1909f56bfc062723c751e8b465ee728b)  -> (artifact id: '8ad851825b74f36ba6563fb8c0127b7f') in 0.002286 seconds 
  Import took 0.010492 seconds .

========================================================================
Received Import Request.
  Time since last request: 0.164486 seconds.
  path: Assets/Ability XML Files/Weapons/FloretDroneSecondary.xml
  artifactKey: Guid(5c2d4b8dd625447bc8d62956ecd9497e) Importer(815301076,1909f56bfc062723c751e8b465ee728b)
Start importing Assets/Ability XML Files/Weapons/FloretDroneSecondary.xml using Guid(5c2d4b8dd625447bc8d62956ecd9497e) Importer(815301076,1909f56bfc062723c751e8b465ee728b)  -> (artifact id: '0181365c5d5afa2d8c05323cc33c14ae') in 0.002610 seconds 
  Import took 0.010127 seconds .

========================================================================
Received Import Request.
  Time since last request: 0.177711 seconds.
  path: Assets/Ability XML Files/Weapons/HeavyCannonPrimary.xml
  artifactKey: Guid(bee57da4eb9fa476ab489285129a1f92) Importer(815301076,1909f56bfc062723c751e8b465ee728b)
Start importing Assets/Ability XML Files/Weapons/HeavyCannonPrimary.xml using Guid(bee57da4eb9fa476ab489285129a1f92) Importer(815301076,1909f56bfc062723c751e8b465ee728b)  -> (artifact id: 'e41d90078469db384c35230f5e0aed9d') in 0.002135 seconds 
  Import took 0.011220 seconds .

========================================================================
Received Import Request.
  Time since last request: 0.188858 seconds.
  path: Assets/Ability XML Files/Weapons/HeavyCannonSecondary.xml
  artifactKey: Guid(42f4a7ca5008441a8a0ff08b94ce1908) Importer(815301076,1909f56bfc062723c751e8b465ee728b)
Start importing Assets/Ability XML Files/Weapons/HeavyCannonSecondary.xml using Guid(42f4a7ca5008441a8a0ff08b94ce1908) Importer(815301076,1909f56bfc062723c751e8b465ee728b)  -> (artifact id: '3478bc996e876d4426cfcdadd1f2cf4c') in 0.002139 seconds 
  Import took 0.010629 seconds .

========================================================================
Received Import Request.
  Time since last request: 0.172521 seconds.
  path: Assets/Ability XML Files/Weapons/RailRiflePrimary.xml
  artifactKey: Guid(94e64748dd846414fa8b8f6a9c0d0156) Importer(815301076,1909f56bfc062723c751e8b465ee728b)
Start importing Assets/Ability XML Files/Weapons/RailRiflePrimary.xml using Guid(94e64748dd846414fa8b8f6a9c0d0156) Importer(815301076,1909f56bfc062723c751e8b465ee728b)  -> (artifact id: 'ee9215117b59cf890348f0fca6352f5e') in 0.002535 seconds 
  Import took 0.010874 seconds .

========================================================================
Received Import Request.
  Time since last request: 0.163976 seconds.
  path: Assets/Ability XML Files/Weapons/RailRifleSecondary.xml
  artifactKey: Guid(e0cdc30f2453a4be28b1567693ecafed) Importer(815301076,1909f56bfc062723c751e8b465ee728b)
Start importing Assets/Ability XML Files/Weapons/RailRifleSecondary.xml using Guid(e0cdc30f2453a4be28b1567693ecafed) Importer(815301076,1909f56bfc062723c751e8b465ee728b)  -> (artifact id: '9fd19bf5f10c40a54f8394043707d8ff') in 0.002478 seconds 
  Import took 0.010734 seconds .

========================================================================
Received Import Request.
  Time since last request: 0.182412 seconds.
  path: Assets/Ability XML Files/Weapons/WaveCasterPrimary.xml
  artifactKey: Guid(98abf58abe5f14b8ebf137ca3c2df034) Importer(815301076,1909f56bfc062723c751e8b465ee728b)
Start importing Assets/Ability XML Files/Weapons/WaveCasterPrimary.xml using Guid(98abf58abe5f14b8ebf137ca3c2df034) Importer(815301076,1909f56bfc062723c751e8b465ee728b)  -> (artifact id: '09cad8279c77039550d47c9f86ba6d4d') in 0.002536 seconds 
  Import took 0.010862 seconds .

========================================================================
Received Import Request.
  Time since last request: 0.169467 seconds.
  path: Assets/Ability XML Files/Weapons/WaveCasterSecondary.xml
  artifactKey: Guid(f663db1bc78d847b29571ec13902b1c3) Importer(815301076,1909f56bfc062723c751e8b465ee728b)
Start importing Assets/Ability XML Files/Weapons/WaveCasterSecondary.xml using Guid(f663db1bc78d847b29571ec13902b1c3) Importer(815301076,1909f56bfc062723c751e8b465ee728b)  -> (artifact id: '7f1caf2bb1770def5d51f8acb5664de7') in 0.002528 seconds 
  Import took 0.011241 seconds .

========================================================================
Received Import Request.
  Time since last request: 33.556318 seconds.
  path: Assets/Custom Objects/Gameplay Objects/Weapons/Arc Blade/New Ability.asset
  artifactKey: Guid(317fbdc0d2b724061aab470690a4a291) Importer(815301076,1909f56bfc062723c751e8b465ee728b)
Start importing Assets/Custom Objects/Gameplay Objects/Weapons/Arc Blade/New Ability.asset using Guid(317fbdc0d2b724061aab470690a4a291) Importer(815301076,1909f56bfc062723c751e8b465ee728b)  -> (artifact id: 'd5b771dcf101274d9291fdfb82682560') in 0.008051 seconds 
  Import took 0.018125 seconds .

========================================================================
Received Import Request.
  Time since last request: 12.974035 seconds.
  path: Assets/Custom Objects/Gameplay Objects/Weapons/Arc Blade/Arc Blade Secondary Attack.asset
  artifactKey: Guid(317fbdc0d2b724061aab470690a4a291) Importer(815301076,1909f56bfc062723c751e8b465ee728b)
Start importing Assets/Custom Objects/Gameplay Objects/Weapons/Arc Blade/Arc Blade Secondary Attack.asset using Guid(317fbdc0d2b724061aab470690a4a291) Importer(815301076,1909f56bfc062723c751e8b465ee728b)  -> (artifact id: '3685f61504a3c8a7f1685fe0496ff411') in 0.004135 seconds 
  Import took 0.010564 seconds .

========================================================================
Received Import Request.
  Time since last request: 77.550500 seconds.
  path: Assets/Custom Objects/Gameplay Objects/Weapons/Arc Blade/Arc Blade Secondary Attack.asset
  artifactKey: Guid(317fbdc0d2b724061aab470690a4a291) Importer(815301076,1909f56bfc062723c751e8b465ee728b)
Start importing Assets/Custom Objects/Gameplay Objects/Weapons/Arc Blade/Arc Blade Secondary Attack.asset using Guid(317fbdc0d2b724061aab470690a4a291) Importer(815301076,1909f56bfc062723c751e8b465ee728b)  -> (artifact id: 'b8f69c1096a9650058bac5d78ee73b0d') in 0.005861 seconds 
  Import took 0.015118 seconds .

========================================================================
Received Import Request.
  Time since last request: 0.000570 seconds.
  path: Assets/Custom Objects/Gameplay Objects/Weapons/Arc Blade/Arc Blade Primary Attack.asset
  artifactKey: Guid(49e0ee10b8e0643cab24b1b5aad77036) Importer(815301076,1909f56bfc062723c751e8b465ee728b)
Start importing Assets/Custom Objects/Gameplay Objects/Weapons/Arc Blade/Arc Blade Primary Attack.asset using Guid(49e0ee10b8e0643cab24b1b5aad77036) Importer(815301076,1909f56bfc062723c751e8b465ee728b)  -> (artifact id: '8741cd7061d3976810247bc620e62b10') in 0.004028 seconds 
  Import took 0.011373 seconds .

========================================================================
Received Import Request.
  Time since last request: 22.306680 seconds.
  path: Assets/Custom Objects/Gameplay Objects/Weapons/Arc Edge/Arc Edge Secondary Attack.asset
  artifactKey: Guid(6dd8437587b0140fa8f1d90ba3c9b3a2) Importer(815301076,1909f56bfc062723c751e8b465ee728b)
Start importing Assets/Custom Objects/Gameplay Objects/Weapons/Arc Edge/Arc Edge Secondary Attack.asset using Guid(6dd8437587b0140fa8f1d90ba3c9b3a2) Importer(815301076,1909f56bfc062723c751e8b465ee728b)  -> (artifact id: '20372962cff1208228628de64a7fe0a2') in 0.004434 seconds 
  Import took 0.011961 seconds .

========================================================================
Received Import Request.
  Time since last request: 432.948707 seconds.
  path: Assets/Custom Objects/Gameplay Objects/Weapons/Armor Lance/Armor Lance Secondary Attack.asset
  artifactKey: Guid(c4adc95a88c8e4bcfa5aa71e22a37d8e) Importer(815301076,1909f56bfc062723c751e8b465ee728b)
Start importing Assets/Custom Objects/Gameplay Objects/Weapons/Armor Lance/Armor Lance Secondary Attack.asset using Guid(c4adc95a88c8e4bcfa5aa71e22a37d8e) Importer(815301076,1909f56bfc062723c751e8b465ee728b)  -> (artifact id: '4938dba4fdb0e31bfe9071d2beb9b935') in 0.009212 seconds 
  Import took 0.024543 seconds .

========================================================================
Received Import Request.
  Time since last request: 139.079762 seconds.
  path: Assets/Custom Objects/Gameplay Objects/Weapons/Caster Gauntlet/Caster Gauntlet Secondary Attack.asset
  artifactKey: Guid(c3b0fcdea86484521b8876ad66f3bdc6) Importer(815301076,1909f56bfc062723c751e8b465ee728b)
Start importing Assets/Custom Objects/Gameplay Objects/Weapons/Caster Gauntlet/Caster Gauntlet Secondary Attack.asset using Guid(c3b0fcdea86484521b8876ad66f3bdc6) Importer(815301076,1909f56bfc062723c751e8b465ee728b)  -> (artifact id: '4bcdef4c0906d42682454305a65857ea') in 0.003322 seconds 
  Import took 0.012813 seconds .

========================================================================
Received Import Request.
  Time since last request: 123.943379 seconds.
  path: Assets/Custom Objects/Gameplay Objects/Weapons/Floret Drone/New Ability.asset
  artifactKey: Guid(3401e2f810b1341ed8d17c00053a8d87) Importer(815301076,1909f56bfc062723c751e8b465ee728b)
Start importing Assets/Custom Objects/Gameplay Objects/Weapons/Floret Drone/New Ability.asset using Guid(3401e2f810b1341ed8d17c00053a8d87) Importer(815301076,1909f56bfc062723c751e8b465ee728b)  -> (artifact id: 'f8cb864ff4edc53b1f52f04353cfd035') in 0.008501 seconds 
  Import took 0.024563 seconds .

========================================================================
Received Import Request.
  Time since last request: 7.267828 seconds.
  path: Assets/Custom Objects/Gameplay Objects/Weapons/Floret Drone/Floret Drone Secondary Attack.asset
  artifactKey: Guid(3401e2f810b1341ed8d17c00053a8d87) Importer(815301076,1909f56bfc062723c751e8b465ee728b)
Start importing Assets/Custom Objects/Gameplay Objects/Weapons/Floret Drone/Floret Drone Secondary Attack.asset using Guid(3401e2f810b1341ed8d17c00053a8d87) Importer(815301076,1909f56bfc062723c751e8b465ee728b)  -> (artifact id: 'a59861b8c27975c3c583fb2fd940fe81') in 0.002702 seconds 
  Import took 0.009201 seconds .

========================================================================
Received Import Request.
  Time since last request: 214.358962 seconds.
  path: Assets/Custom Objects/Gameplay Objects/Weapons/Rail Rifle/Rail Rifle Secondary Attack.asset
  artifactKey: Guid(e1b870350d3fd4231a6b4b9cd688cf04) Importer(815301076,1909f56bfc062723c751e8b465ee728b)
Start importing Assets/Custom Objects/Gameplay Objects/Weapons/Rail Rifle/Rail Rifle Secondary Attack.asset using Guid(e1b870350d3fd4231a6b4b9cd688cf04) Importer(815301076,1909f56bfc062723c751e8b465ee728b)  -> (artifact id: '81b3f95c4a9652a98f16c99ba95ba221') in 0.016364 seconds 
  Import took 0.031365 seconds .

========================================================================
Received Import Request.
  Time since last request: 0.000307 seconds.
  path: Assets/Custom Objects/Gameplay Objects/Weapons/Rail Rifle/Rail Rifle Primary Attack.asset
  artifactKey: Guid(35f1f534c9690467e9daf3c6b7d14e3d) Importer(815301076,1909f56bfc062723c751e8b465ee728b)
Start importing Assets/Custom Objects/Gameplay Objects/Weapons/Rail Rifle/Rail Rifle Primary Attack.asset using Guid(35f1f534c9690467e9daf3c6b7d14e3d) Importer(815301076,1909f56bfc062723c751e8b465ee728b)  -> (artifact id: '5dcadaae06e6180e586c79ed844912ca') in 0.003786 seconds 
  Import took 0.010139 seconds .

========================================================================
Received Import Request.
  Time since last request: 6.402582 seconds.
  path: Assets/Custom Objects/Gameplay Objects/Weapons/Wave Caster/Wave Caster.asset
  artifactKey: Guid(4722034b8c9224110a4f534e13155876) Importer(815301076,1909f56bfc062723c751e8b465ee728b)
Start importing Assets/Custom Objects/Gameplay Objects/Weapons/Wave Caster/Wave Caster.asset using Guid(4722034b8c9224110a4f534e13155876) Importer(815301076,1909f56bfc062723c751e8b465ee728b)  -> (artifact id: '49dadabeee58c0207db7168852210fab') in 0.045855 seconds 
  Import took 0.055248 seconds .

========================================================================
Received Import Request.
  Time since last request: 39.857510 seconds.
  path: Assets/Custom Objects/Gameplay Objects/Weapons/Wave Caster/Wave Caster Secondary Attack.asset
  artifactKey: Guid(13815a154e34f4e59b687b821df29282) Importer(815301076,1909f56bfc062723c751e8b465ee728b)
Start importing Assets/Custom Objects/Gameplay Objects/Weapons/Wave Caster/Wave Caster Secondary Attack.asset using Guid(13815a154e34f4e59b687b821df29282) Importer(815301076,1909f56bfc062723c751e8b465ee728b)  -> (artifact id: '256e57d82124acefd9fe1464d3886983') in 0.002752 seconds 
  Import took 0.009206 seconds .

========================================================================
Received Import Request.
  Time since last request: 0.000263 seconds.
  path: Assets/Custom Objects/Gameplay Objects/Weapons/Wave Caster/Wave Caster Primary Attack.asset
  artifactKey: Guid(79c041e99e524417a8497edaba2c9d2b) Importer(815301076,1909f56bfc062723c751e8b465ee728b)
Start importing Assets/Custom Objects/Gameplay Objects/Weapons/Wave Caster/Wave Caster Primary Attack.asset using Guid(79c041e99e524417a8497edaba2c9d2b) Importer(815301076,1909f56bfc062723c751e8b465ee728b)  -> (artifact id: '93fb7f94eaaae9e430b8ced8a40be85c') in 0.002549 seconds 
  Import took 0.007738 seconds .

========================================================================
Received Prepare
Registering precompiled user dll's ...
Registered in 0.004553 seconds.
Begin MonoManager ReloadAssembly
Native extension for LinuxStandalone target not found
Native extension for WindowsStandalone target not found
Native extension for OSXStandalone target not found
Refreshing native plugins compatible for Editor in 0.55 ms, found 3 plugins.
Preloading 0 native plugins for Editor in 0.00 ms.
2023-03-24 20:37:24.256 Unity[80119:23770103] NSEventModifierFlagFunction specified to -setKeyEquivalentModifierMask: for item <NSMenuItem: 0x7f96711fa280 Font Asset, ke='Command-F12'>, but is only supported for system-provided menu items; will not be used
Mono: successfully reloaded assembly
- Completed reload, in  2.794 seconds
Domain Reload Profiling:
	ReloadAssembly (2798ms)
		BeginReloadAssembly (353ms)
			ExecutionOrderSort (0ms)
			DisableScriptedObjects (57ms)
			BackupInstance (0ms)
			ReleaseScriptingObjects (0ms)
			CreateAndSetChildDomain (155ms)
		EndReloadAssembly (2344ms)
			LoadAssemblies (246ms)
			RebuildTransferFunctionScriptingTraits (0ms)
			SetupTypeCache (351ms)
			ReleaseScriptCaches (1ms)
			RebuildScriptCaches (45ms)
			SetupLoadedEditorAssemblies (1369ms)
				LogAssemblyErrors (0ms)
				InitializePlatformSupportModulesInManaged (17ms)
				SetLoadedEditorAssemblies (3ms)
				RefreshPlugins (1ms)
				BeforeProcessingInitializeOnLoad (269ms)
				ProcessInitializeOnLoadAttributes (1040ms)
				ProcessInitializeOnLoadMethodAttributes (38ms)
				AfterProcessingInitializeOnLoad (1ms)
				EditorAssembliesLoaded (0ms)
			ExecutionOrderSort2 (0ms)
			AwakeInstancesAfterBackupRestoration (39ms)
Platform modules already initialized, skipping
Refreshing native plugins compatible for Editor in 0.54 ms, found 3 plugins.
Preloading 0 native plugins for Editor in 0.00 ms.
Unloading 2628 Unused Serialized files (Serialized files now loaded: 0)
System memory in use before: 437.8 MB.
System memory in use after: 438.1 MB.

Unloading 18 unused Assets to reduce memory usage. Loaded Objects now: 3144.
Total: 2.466125 ms (FindLiveObjects: 0.124084 ms CreateObjectMapping: 0.057584 ms MarkObjects: 2.255542 ms  DeleteObjects: 0.027833 ms)

AssetImportParameters requested are different than current active one (requested -> active):
  custom:video-decoder-ogg-theora: a1e56fd34408186e4bbccfd4996cb3dc -> 
  custom:container-muxer-webm: aa71ff27fc2769a1b78a27578f13a17b -> 
  custom:container-demuxer-webm: 4f35f7cbe854078d1ac9338744f61a02 -> 
  custom:container-demuxer-ogg: 62fdf1f143b41e24485cea50d1cbac27 -> 
  custom:video-encoder-webm-vp8: eb34c28f22e8b96e1ab97ce403110664 -> 
  custom:framework-osx-AVFoundation: e770b220cccbd017edd2c1fefb359320 -> 
  custom:video-decoder-webm-vp8: 9c59270c3fd7afecdb556c50c9e8de78 -> 
  custom:audio-decoder-ogg-vorbis: bf7c407c2cedff20999df2af8eb42d56 -> 
  custom:audio-encoder-webm-vorbis: bf7c407c2cedff20999df2af8eb42d56 -> 
========================================================================
Received Prepare
Registering precompiled user dll's ...
Registered in 0.003239 seconds.
Begin MonoManager ReloadAssembly
Native extension for LinuxStandalone target not found
Native extension for WindowsStandalone target not found
Native extension for OSXStandalone target not found
Refreshing native plugins compatible for Editor in 0.58 ms, found 3 plugins.
Preloading 0 native plugins for Editor in 0.00 ms.
2023-03-24 20:40:33.782 Unity[80119:23770103] NSEventModifierFlagFunction specified to -setKeyEquivalentModifierMask: for item <NSMenuItem: 0x7f96711faac0 Font Asset, ke='Command-F12'>, but is only supported for system-provided menu items; will not be used
Mono: successfully reloaded assembly
- Completed reload, in  2.516 seconds
Domain Reload Profiling:
	ReloadAssembly (2517ms)
		BeginReloadAssembly (243ms)
			ExecutionOrderSort (0ms)
			DisableScriptedObjects (43ms)
			BackupInstance (0ms)
			ReleaseScriptingObjects (0ms)
			CreateAndSetChildDomain (91ms)
		EndReloadAssembly (2184ms)
			LoadAssemblies (190ms)
			RebuildTransferFunctionScriptingTraits (0ms)
			SetupTypeCache (348ms)
			ReleaseScriptCaches (1ms)
			RebuildScriptCaches (46ms)
			SetupLoadedEditorAssemblies (1282ms)
				LogAssemblyErrors (0ms)
				InitializePlatformSupportModulesInManaged (17ms)
				SetLoadedEditorAssemblies (3ms)
				RefreshPlugins (1ms)
				BeforeProcessingInitializeOnLoad (260ms)
				ProcessInitializeOnLoadAttributes (963ms)
				ProcessInitializeOnLoadMethodAttributes (38ms)
				AfterProcessingInitializeOnLoad (1ms)
				EditorAssembliesLoaded (0ms)
			ExecutionOrderSort2 (0ms)
			AwakeInstancesAfterBackupRestoration (40ms)
Platform modules already initialized, skipping
Refreshing native plugins compatible for Editor in 0.49 ms, found 3 plugins.
Preloading 0 native plugins for Editor in 0.00 ms.
Unloading 2628 Unused Serialized files (Serialized files now loaded: 0)
System memory in use before: 440.5 MB.
System memory in use after: 440.8 MB.

Unloading 18 unused Assets to reduce memory usage. Loaded Objects now: 3146.
Total: 2.341375 ms (FindLiveObjects: 0.115042 ms CreateObjectMapping: 0.053875 ms MarkObjects: 2.147500 ms  DeleteObjects: 0.023875 ms)

AssetImportParameters requested are different than current active one (requested -> active):
  custom:video-decoder-ogg-theora: a1e56fd34408186e4bbccfd4996cb3dc -> 
  custom:container-muxer-webm: aa71ff27fc2769a1b78a27578f13a17b -> 
  custom:container-demuxer-webm: 4f35f7cbe854078d1ac9338744f61a02 -> 
  custom:container-demuxer-ogg: 62fdf1f143b41e24485cea50d1cbac27 -> 
  custom:video-encoder-webm-vp8: eb34c28f22e8b96e1ab97ce403110664 -> 
  custom:framework-osx-AVFoundation: e770b220cccbd017edd2c1fefb359320 -> 
  custom:video-decoder-webm-vp8: 9c59270c3fd7afecdb556c50c9e8de78 -> 
  custom:audio-decoder-ogg-vorbis: bf7c407c2cedff20999df2af8eb42d56 -> 
  custom:audio-encoder-webm-vorbis: bf7c407c2cedff20999df2af8eb42d56 -> 
========================================================================
Received Prepare
Registering precompiled user dll's ...
Registered in 0.002626 seconds.
Begin MonoManager ReloadAssembly
Native extension for LinuxStandalone target not found
Native extension for WindowsStandalone target not found
Native extension for OSXStandalone target not found
Refreshing native plugins compatible for Editor in 0.59 ms, found 3 plugins.
Preloading 0 native plugins for Editor in 0.00 ms.
2023-03-24 20:43:09.522 Unity[80119:23770103] NSEventModifierFlagFunction specified to -setKeyEquivalentModifierMask: for item <NSMenuItem: 0x7f96829c9740 Font Asset, ke='Command-F12'>, but is only supported for system-provided menu items; will not be used
Mono: successfully reloaded assembly
- Completed reload, in  2.984 seconds
Domain Reload Profiling:
	ReloadAssembly (2986ms)
		BeginReloadAssembly (258ms)
			ExecutionOrderSort (0ms)
			DisableScriptedObjects (51ms)
			BackupInstance (0ms)
			ReleaseScriptingObjects (0ms)
			CreateAndSetChildDomain (94ms)
		EndReloadAssembly (2641ms)
			LoadAssemblies (183ms)
			RebuildTransferFunctionScriptingTraits (0ms)
			SetupTypeCache (357ms)
			ReleaseScriptCaches (1ms)
			RebuildScriptCaches (46ms)
			SetupLoadedEditorAssemblies (1630ms)
				LogAssemblyErrors (0ms)
				InitializePlatformSupportModulesInManaged (19ms)
				SetLoadedEditorAssemblies (3ms)
				RefreshPlugins (1ms)
				BeforeProcessingInitializeOnLoad (258ms)
				ProcessInitializeOnLoadAttributes (1186ms)
				ProcessInitializeOnLoadMethodAttributes (148ms)
				AfterProcessingInitializeOnLoad (4ms)
				EditorAssembliesLoaded (12ms)
			ExecutionOrderSort2 (0ms)
			AwakeInstancesAfterBackupRestoration (84ms)
Platform modules already initialized, skipping
Refreshing native plugins compatible for Editor in 0.63 ms, found 3 plugins.
Preloading 0 native plugins for Editor in 0.00 ms.
Unloading 2628 Unused Serialized files (Serialized files now loaded: 0)
System memory in use before: 443.2 MB.
System memory in use after: 443.4 MB.

Unloading 18 unused Assets to reduce memory usage. Loaded Objects now: 3148.
Total: 4.473583 ms (FindLiveObjects: 0.275750 ms CreateObjectMapping: 0.105083 ms MarkObjects: 4.048750 ms  DeleteObjects: 0.042916 ms)

AssetImportParameters requested are different than current active one (requested -> active):
  custom:video-decoder-ogg-theora: a1e56fd34408186e4bbccfd4996cb3dc -> 
  custom:container-muxer-webm: aa71ff27fc2769a1b78a27578f13a17b -> 
  custom:container-demuxer-webm: 4f35f7cbe854078d1ac9338744f61a02 -> 
  custom:container-demuxer-ogg: 62fdf1f143b41e24485cea50d1cbac27 -> 
  custom:video-encoder-webm-vp8: eb34c28f22e8b96e1ab97ce403110664 -> 
  custom:framework-osx-AVFoundation: e770b220cccbd017edd2c1fefb359320 -> 
  custom:video-decoder-webm-vp8: 9c59270c3fd7afecdb556c50c9e8de78 -> 
  custom:audio-decoder-ogg-vorbis: bf7c407c2cedff20999df2af8eb42d56 -> 
  custom:audio-encoder-webm-vorbis: bf7c407c2cedff20999df2af8eb42d56 -> 
========================================================================
Received Prepare
Registering precompiled user dll's ...
Registered in 0.002624 seconds.
Begin MonoManager ReloadAssembly
Native extension for LinuxStandalone target not found
Native extension for WindowsStandalone target not found
Native extension for OSXStandalone target not found
Refreshing native plugins compatible for Editor in 0.54 ms, found 3 plugins.
Preloading 0 native plugins for Editor in 0.00 ms.
2023-03-24 20:44:38.701 Unity[80119:23770103] NSEventModifierFlagFunction specified to -setKeyEquivalentModifierMask: for item <NSMenuItem: 0x7f96829c39e0 Font Asset, ke='Command-F12'>, but is only supported for system-provided menu items; will not be used
Mono: successfully reloaded assembly
- Completed reload, in  2.575 seconds
Domain Reload Profiling:
	ReloadAssembly (2577ms)
		BeginReloadAssembly (230ms)
			ExecutionOrderSort (0ms)
			DisableScriptedObjects (41ms)
			BackupInstance (0ms)
			ReleaseScriptingObjects (0ms)
			CreateAndSetChildDomain (77ms)
		EndReloadAssembly (2259ms)
			LoadAssemblies (179ms)
			RebuildTransferFunctionScriptingTraits (0ms)
			SetupTypeCache (349ms)
			ReleaseScriptCaches (1ms)
			RebuildScriptCaches (45ms)
			SetupLoadedEditorAssemblies (1370ms)
				LogAssemblyErrors (0ms)
				InitializePlatformSupportModulesInManaged (16ms)
				SetLoadedEditorAssemblies (2ms)
				RefreshPlugins (1ms)
				BeforeProcessingInitializeOnLoad (253ms)
				ProcessInitializeOnLoadAttributes (1061ms)
				ProcessInitializeOnLoadMethodAttributes (36ms)
				AfterProcessingInitializeOnLoad (1ms)
				EditorAssembliesLoaded (0ms)
			ExecutionOrderSort2 (0ms)
			AwakeInstancesAfterBackupRestoration (39ms)
Platform modules already initialized, skipping
Refreshing native plugins compatible for Editor in 0.56 ms, found 3 plugins.
Preloading 0 native plugins for Editor in 0.00 ms.
Unloading 2628 Unused Serialized files (Serialized files now loaded: 0)
System memory in use before: 445.9 MB.
System memory in use after: 446.1 MB.

Unloading 18 unused Assets to reduce memory usage. Loaded Objects now: 3150.
Total: 2.471417 ms (FindLiveObjects: 0.149000 ms CreateObjectMapping: 0.055667 ms MarkObjects: 2.249250 ms  DeleteObjects: 0.016584 ms)

AssetImportParameters requested are different than current active one (requested -> active):
  custom:video-decoder-ogg-theora: a1e56fd34408186e4bbccfd4996cb3dc -> 
  custom:container-muxer-webm: aa71ff27fc2769a1b78a27578f13a17b -> 
  custom:container-demuxer-webm: 4f35f7cbe854078d1ac9338744f61a02 -> 
  custom:container-demuxer-ogg: 62fdf1f143b41e24485cea50d1cbac27 -> 
  custom:video-encoder-webm-vp8: eb34c28f22e8b96e1ab97ce403110664 -> 
  custom:framework-osx-AVFoundation: e770b220cccbd017edd2c1fefb359320 -> 
  custom:video-decoder-webm-vp8: 9c59270c3fd7afecdb556c50c9e8de78 -> 
  custom:audio-decoder-ogg-vorbis: bf7c407c2cedff20999df2af8eb42d56 -> 
  custom:audio-encoder-webm-vorbis: bf7c407c2cedff20999df2af8eb42d56 -> 
========================================================================
Received Prepare
Registering precompiled user dll's ...
Registered in 0.005479 seconds.
Begin MonoManager ReloadAssembly
Native extension for LinuxStandalone target not found
Native extension for WindowsStandalone target not found
Native extension for OSXStandalone target not found
Refreshing native plugins compatible for Editor in 0.55 ms, found 3 plugins.
Preloading 0 native plugins for Editor in 0.00 ms.
2023-03-24 20:45:56.687 Unity[80119:23770103] NSEventModifierFlagFunction specified to -setKeyEquivalentModifierMask: for item <NSMenuItem: 0x7f96710bd100 Font Asset, ke='Command-F12'>, but is only supported for system-provided menu items; will not be used
Mono: successfully reloaded assembly
- Completed reload, in  2.448 seconds
Domain Reload Profiling:
	ReloadAssembly (2451ms)
		BeginReloadAssembly (245ms)
			ExecutionOrderSort (0ms)
			DisableScriptedObjects (50ms)
			BackupInstance (0ms)
			ReleaseScriptingObjects (0ms)
			CreateAndSetChildDomain (91ms)
		EndReloadAssembly (2120ms)
			LoadAssemblies (176ms)
			RebuildTransferFunctionScriptingTraits (0ms)
			SetupTypeCache (350ms)
			ReleaseScriptCaches (1ms)
			RebuildScriptCaches (44ms)
			SetupLoadedEditorAssemblies (1245ms)
				LogAssemblyErrors (0ms)
				InitializePlatformSupportModulesInManaged (15ms)
				SetLoadedEditorAssemblies (2ms)
				RefreshPlugins (1ms)
				BeforeProcessingInitializeOnLoad (243ms)
				ProcessInitializeOnLoadAttributes (945ms)
				ProcessInitializeOnLoadMethodAttributes (37ms)
				AfterProcessingInitializeOnLoad (1ms)
				EditorAssembliesLoaded (0ms)
			ExecutionOrderSort2 (0ms)
			AwakeInstancesAfterBackupRestoration (39ms)
Platform modules already initialized, skipping
Refreshing native plugins compatible for Editor in 0.53 ms, found 3 plugins.
Preloading 0 native plugins for Editor in 0.00 ms.
Unloading 2628 Unused Serialized files (Serialized files now loaded: 0)
System memory in use before: 448.6 MB.
System memory in use after: 448.8 MB.

Unloading 18 unused Assets to reduce memory usage. Loaded Objects now: 3152.
Total: 2.469709 ms (FindLiveObjects: 0.132917 ms CreateObjectMapping: 0.057083 ms MarkObjects: 2.256250 ms  DeleteObjects: 0.022417 ms)

AssetImportParameters requested are different than current active one (requested -> active):
  custom:video-decoder-ogg-theora: a1e56fd34408186e4bbccfd4996cb3dc -> 
  custom:container-muxer-webm: aa71ff27fc2769a1b78a27578f13a17b -> 
  custom:container-demuxer-webm: 4f35f7cbe854078d1ac9338744f61a02 -> 
  custom:container-demuxer-ogg: 62fdf1f143b41e24485cea50d1cbac27 -> 
  custom:video-encoder-webm-vp8: eb34c28f22e8b96e1ab97ce403110664 -> 
  custom:framework-osx-AVFoundation: e770b220cccbd017edd2c1fefb359320 -> 
  custom:video-decoder-webm-vp8: 9c59270c3fd7afecdb556c50c9e8de78 -> 
  custom:audio-decoder-ogg-vorbis: bf7c407c2cedff20999df2af8eb42d56 -> 
  custom:audio-encoder-webm-vorbis: bf7c407c2cedff20999df2af8eb42d56 -> 
========================================================================
Received Prepare
Registering precompiled user dll's ...
Registered in 0.002626 seconds.
Begin MonoManager ReloadAssembly
Native extension for LinuxStandalone target not found
Native extension for WindowsStandalone target not found
Native extension for OSXStandalone target not found
Refreshing native plugins compatible for Editor in 0.55 ms, found 3 plugins.
Preloading 0 native plugins for Editor in 0.00 ms.
2023-03-24 20:48:43.466 Unity[80119:23770103] NSEventModifierFlagFunction specified to -setKeyEquivalentModifierMask: for item <NSMenuItem: 0x7f9680f48020 Font Asset, ke='Command-F12'>, but is only supported for system-provided menu items; will not be used
Mono: successfully reloaded assembly
- Completed reload, in  2.353 seconds
Domain Reload Profiling:
	ReloadAssembly (2354ms)
		BeginReloadAssembly (229ms)
			ExecutionOrderSort (0ms)
			DisableScriptedObjects (48ms)
			BackupInstance (0ms)
			ReleaseScriptingObjects (0ms)
			CreateAndSetChildDomain (79ms)
		EndReloadAssembly (2033ms)
			LoadAssemblies (175ms)
			RebuildTransferFunctionScriptingTraits (0ms)
			SetupTypeCache (343ms)
			ReleaseScriptCaches (1ms)
			RebuildScriptCaches (44ms)
			SetupLoadedEditorAssemblies (1168ms)
				LogAssemblyErrors (0ms)
				InitializePlatformSupportModulesInManaged (16ms)
				SetLoadedEditorAssemblies (2ms)
				RefreshPlugins (1ms)
				BeforeProcessingInitializeOnLoad (248ms)
				ProcessInitializeOnLoadAttributes (866ms)
				ProcessInitializeOnLoadMethodAttributes (33ms)
				AfterProcessingInitializeOnLoad (1ms)
				EditorAssembliesLoaded (0ms)
			ExecutionOrderSort2 (0ms)
			AwakeInstancesAfterBackupRestoration (36ms)
Platform modules already initialized, skipping
Refreshing native plugins compatible for Editor in 0.51 ms, found 3 plugins.
Preloading 0 native plugins for Editor in 0.00 ms.
Unloading 2628 Unused Serialized files (Serialized files now loaded: 0)
System memory in use before: 451.3 MB.
System memory in use after: 451.5 MB.

Unloading 18 unused Assets to reduce memory usage. Loaded Objects now: 3154.
Total: 2.575042 ms (FindLiveObjects: 0.110167 ms CreateObjectMapping: 0.052666 ms MarkObjects: 2.390417 ms  DeleteObjects: 0.020833 ms)

AssetImportParameters requested are different than current active one (requested -> active):
  custom:video-decoder-ogg-theora: a1e56fd34408186e4bbccfd4996cb3dc -> 
  custom:container-muxer-webm: aa71ff27fc2769a1b78a27578f13a17b -> 
  custom:container-demuxer-webm: 4f35f7cbe854078d1ac9338744f61a02 -> 
  custom:container-demuxer-ogg: 62fdf1f143b41e24485cea50d1cbac27 -> 
  custom:video-encoder-webm-vp8: eb34c28f22e8b96e1ab97ce403110664 -> 
  custom:framework-osx-AVFoundation: e770b220cccbd017edd2c1fefb359320 -> 
  custom:video-decoder-webm-vp8: 9c59270c3fd7afecdb556c50c9e8de78 -> 
  custom:audio-decoder-ogg-vorbis: bf7c407c2cedff20999df2af8eb42d56 -> 
  custom:audio-encoder-webm-vorbis: bf7c407c2cedff20999df2af8eb42d56 -> 
========================================================================
Received Prepare
Registering precompiled user dll's ...
Registered in 0.002450 seconds.
Begin MonoManager ReloadAssembly
Native extension for LinuxStandalone target not found
Native extension for WindowsStandalone target not found
Native extension for OSXStandalone target not found
Refreshing native plugins compatible for Editor in 0.55 ms, found 3 plugins.
Preloading 0 native plugins for Editor in 0.00 ms.
2023-03-24 20:51:28.848 Unity[80119:23770103] NSEventModifierFlagFunction specified to -setKeyEquivalentModifierMask: for item <NSMenuItem: 0x7f96714fae30 Font Asset, ke='Command-F12'>, but is only supported for system-provided menu items; will not be used
Mono: successfully reloaded assembly
- Completed reload, in  2.456 seconds
Domain Reload Profiling:
	ReloadAssembly (2457ms)
		BeginReloadAssembly (252ms)
			ExecutionOrderSort (0ms)
			DisableScriptedObjects (45ms)
			BackupInstance (0ms)
			ReleaseScriptingObjects (0ms)
			CreateAndSetChildDomain (99ms)
		EndReloadAssembly (2119ms)
			LoadAssemblies (178ms)
			RebuildTransferFunctionScriptingTraits (0ms)
			SetupTypeCache (349ms)
			ReleaseScriptCaches (3ms)
			RebuildScriptCaches (47ms)
			SetupLoadedEditorAssemblies (1231ms)
				LogAssemblyErrors (0ms)
				InitializePlatformSupportModulesInManaged (15ms)
				SetLoadedEditorAssemblies (2ms)
				RefreshPlugins (1ms)
				BeforeProcessingInitializeOnLoad (249ms)
				ProcessInitializeOnLoadAttributes (929ms)
				ProcessInitializeOnLoadMethodAttributes (35ms)
				AfterProcessingInitializeOnLoad (1ms)
				EditorAssembliesLoaded (0ms)
			ExecutionOrderSort2 (0ms)
			AwakeInstancesAfterBackupRestoration (39ms)
Platform modules already initialized, skipping
Refreshing native plugins compatible for Editor in 0.53 ms, found 3 plugins.
Preloading 0 native plugins for Editor in 0.00 ms.
Unloading 2628 Unused Serialized files (Serialized files now loaded: 0)
System memory in use before: 454.0 MB.
System memory in use after: 454.2 MB.

Unloading 18 unused Assets to reduce memory usage. Loaded Objects now: 3156.
Total: 2.414125 ms (FindLiveObjects: 0.129750 ms CreateObjectMapping: 0.055458 ms MarkObjects: 2.203500 ms  DeleteObjects: 0.024583 ms)

AssetImportParameters requested are different than current active one (requested -> active):
  custom:video-decoder-ogg-theora: a1e56fd34408186e4bbccfd4996cb3dc -> 
  custom:container-muxer-webm: aa71ff27fc2769a1b78a27578f13a17b -> 
  custom:container-demuxer-webm: 4f35f7cbe854078d1ac9338744f61a02 -> 
  custom:container-demuxer-ogg: 62fdf1f143b41e24485cea50d1cbac27 -> 
  custom:video-encoder-webm-vp8: eb34c28f22e8b96e1ab97ce403110664 -> 
  custom:framework-osx-AVFoundation: e770b220cccbd017edd2c1fefb359320 -> 
  custom:video-decoder-webm-vp8: 9c59270c3fd7afecdb556c50c9e8de78 -> 
  custom:audio-decoder-ogg-vorbis: bf7c407c2cedff20999df2af8eb42d56 -> 
  custom:audio-encoder-webm-vorbis: bf7c407c2cedff20999df2af8eb42d56 -> 
========================================================================
Received Prepare
Registering precompiled user dll's ...
Registered in 0.002699 seconds.
Begin MonoManager ReloadAssembly
Native extension for LinuxStandalone target not found
Native extension for WindowsStandalone target not found
Native extension for OSXStandalone target not found
Refreshing native plugins compatible for Editor in 0.55 ms, found 3 plugins.
Preloading 0 native plugins for Editor in 0.00 ms.
2023-03-24 20:54:05.460 Unity[80119:23770103] NSEventModifierFlagFunction specified to -setKeyEquivalentModifierMask: for item <NSMenuItem: 0x7f9671445940 Font Asset, ke='Command-F12'>, but is only supported for system-provided menu items; will not be used
Mono: successfully reloaded assembly
- Completed reload, in  2.375 seconds
Domain Reload Profiling:
	ReloadAssembly (2376ms)
		BeginReloadAssembly (230ms)
			ExecutionOrderSort (0ms)
			DisableScriptedObjects (41ms)
			BackupInstance (0ms)
			ReleaseScriptingObjects (0ms)
			CreateAndSetChildDomain (83ms)
		EndReloadAssembly (2059ms)
			LoadAssemblies (176ms)
			RebuildTransferFunctionScriptingTraits (0ms)
			SetupTypeCache (349ms)
			ReleaseScriptCaches (1ms)
			RebuildScriptCaches (46ms)
			SetupLoadedEditorAssemblies (1188ms)
				LogAssemblyErrors (0ms)
				InitializePlatformSupportModulesInManaged (16ms)
				SetLoadedEditorAssemblies (2ms)
				RefreshPlugins (1ms)
				BeforeProcessingInitializeOnLoad (249ms)
				ProcessInitializeOnLoadAttributes (886ms)
				ProcessInitializeOnLoadMethodAttributes (33ms)
				AfterProcessingInitializeOnLoad (1ms)
				EditorAssembliesLoaded (0ms)
			ExecutionOrderSort2 (0ms)
			AwakeInstancesAfterBackupRestoration (37ms)
Platform modules already initialized, skipping
Refreshing native plugins compatible for Editor in 0.50 ms, found 3 plugins.
Preloading 0 native plugins for Editor in 0.00 ms.
Unloading 2628 Unused Serialized files (Serialized files now loaded: 0)
System memory in use before: 456.7 MB.
System memory in use after: 456.9 MB.

Unloading 18 unused Assets to reduce memory usage. Loaded Objects now: 3158.
Total: 2.395375 ms (FindLiveObjects: 0.113708 ms CreateObjectMapping: 0.054459 ms MarkObjects: 2.199667 ms  DeleteObjects: 0.026709 ms)

AssetImportParameters requested are different than current active one (requested -> active):
  custom:video-decoder-ogg-theora: a1e56fd34408186e4bbccfd4996cb3dc -> 
  custom:container-muxer-webm: aa71ff27fc2769a1b78a27578f13a17b -> 
  custom:container-demuxer-webm: 4f35f7cbe854078d1ac9338744f61a02 -> 
  custom:container-demuxer-ogg: 62fdf1f143b41e24485cea50d1cbac27 -> 
  custom:video-encoder-webm-vp8: eb34c28f22e8b96e1ab97ce403110664 -> 
  custom:framework-osx-AVFoundation: e770b220cccbd017edd2c1fefb359320 -> 
  custom:video-decoder-webm-vp8: 9c59270c3fd7afecdb556c50c9e8de78 -> 
  custom:audio-decoder-ogg-vorbis: bf7c407c2cedff20999df2af8eb42d56 -> 
  custom:audio-encoder-webm-vorbis: bf7c407c2cedff20999df2af8eb42d56 -> 
========================================================================
Received Prepare
Registering precompiled user dll's ...
Registered in 0.004526 seconds.
Begin MonoManager ReloadAssembly
Native extension for LinuxStandalone target not found
Native extension for WindowsStandalone target not found
Native extension for OSXStandalone target not found
Refreshing native plugins compatible for Editor in 0.55 ms, found 3 plugins.
Preloading 0 native plugins for Editor in 0.00 ms.
2023-03-25 09:09:53.852 Unity[80119:23770103] NSEventModifierFlagFunction specified to -setKeyEquivalentModifierMask: for item <NSMenuItem: 0x7f96714fe7a0 Font Asset, ke='Command-F12'>, but is only supported for system-provided menu items; will not be used
Mono: successfully reloaded assembly
- Completed reload, in  2.801 seconds
Domain Reload Profiling:
	ReloadAssembly (2809ms)
		BeginReloadAssembly (390ms)
			ExecutionOrderSort (0ms)
			DisableScriptedObjects (75ms)
			BackupInstance (0ms)
			ReleaseScriptingObjects (0ms)
			CreateAndSetChildDomain (155ms)
		EndReloadAssembly (2304ms)
			LoadAssemblies (295ms)
			RebuildTransferFunctionScriptingTraits (1ms)
			SetupTypeCache (363ms)
			ReleaseScriptCaches (1ms)
			RebuildScriptCaches (42ms)
			SetupLoadedEditorAssemblies (1297ms)
				LogAssemblyErrors (0ms)
				InitializePlatformSupportModulesInManaged (20ms)
				SetLoadedEditorAssemblies (3ms)
				RefreshPlugins (1ms)
				BeforeProcessingInitializeOnLoad (263ms)
				ProcessInitializeOnLoadAttributes (972ms)
				ProcessInitializeOnLoadMethodAttributes (38ms)
				AfterProcessingInitializeOnLoad (1ms)
				EditorAssembliesLoaded (0ms)
			ExecutionOrderSort2 (0ms)
			AwakeInstancesAfterBackupRestoration (35ms)
Platform modules already initialized, skipping
Refreshing native plugins compatible for Editor in 0.51 ms, found 3 plugins.
Preloading 0 native plugins for Editor in 0.00 ms.
Unloading 2628 Unused Serialized files (Serialized files now loaded: 0)
System memory in use before: 458.6 MB.
System memory in use after: 458.9 MB.

Unloading 18 unused Assets to reduce memory usage. Loaded Objects now: 3160.
Total: 2.357209 ms (FindLiveObjects: 0.132834 ms CreateObjectMapping: 0.055291 ms MarkObjects: 2.141958 ms  DeleteObjects: 0.024750 ms)

AssetImportParameters requested are different than current active one (requested -> active):
  custom:video-decoder-ogg-theora: a1e56fd34408186e4bbccfd4996cb3dc -> 
  custom:container-muxer-webm: aa71ff27fc2769a1b78a27578f13a17b -> 
  custom:container-demuxer-webm: 4f35f7cbe854078d1ac9338744f61a02 -> 
  custom:container-demuxer-ogg: 62fdf1f143b41e24485cea50d1cbac27 -> 
  custom:video-encoder-webm-vp8: eb34c28f22e8b96e1ab97ce403110664 -> 
  custom:framework-osx-AVFoundation: e770b220cccbd017edd2c1fefb359320 -> 
  custom:video-decoder-webm-vp8: 9c59270c3fd7afecdb556c50c9e8de78 -> 
  custom:audio-decoder-ogg-vorbis: bf7c407c2cedff20999df2af8eb42d56 -> 
  custom:audio-encoder-webm-vorbis: bf7c407c2cedff20999df2af8eb42d56 -> 
