Unity Editor version:    2020.3.25f1 (9b9180224418)
Branch:                  2020.3/staging
Build type:              Release
Batch mode:              YES
macOS version:           Version 11.3.1 (Build 20E241)
Darwin version:          20.4.0
Architecture:            x86_64
Running under Rosetta:   YES
Available memory:        16384 MB
Using pre-set license
Pro License: NO

COMMAND LINE ARGUMENTS:
/Applications/Unity/Hub/Editor/2020.3.25f1/Unity.app/Contents/MacOS/Unity
-adb2
-batchMode
-noUpm
-name
AssetImportWorker1
-projectPath
/Users/jefferyyang/Documents/GitHub.nosync/Liberators/Liberators
-logFile
Logs/AssetImportWorker1.log
-srvPort
56608
Successfully changed project path to: /Users/jefferyyang/Documents/GitHub.nosync/Liberators/Liberators
/Users/jefferyyang/Documents/GitHub.nosync/Liberators/Liberators
Using Asset Import Pipeline V2.
Refreshing native plugins compatible for Editor in 50.28 ms, found 3 plugins.
Preloading 0 native plugins for Editor in 0.00 ms.
Initialize engine version: 2020.3.25f1 (9b9180224418)
[Subsystems] Discovering subsystems at path /Applications/Unity/Hub/Editor/2020.3.25f1/Unity.app/Contents/Resources/UnitySubsystems
[Subsystems] Discovering subsystems at path /Users/jefferyyang/Documents/GitHub.nosync/Liberators/Liberators/Assets
GfxDevice: creating device client; threaded=0
2022-07-01 19:55:17.442 Unity[33030:39534770] (null) preferred device: Apple M1 (high power)
2022-07-01 19:55:17.442 Unity[33030:39534770] Metal devices available: 1
2022-07-01 19:55:17.442 Unity[33030:39534770] 0: Apple M1 (high power)
2022-07-01 19:55:17.443 Unity[33030:39534770] Using device Apple M1 (high power)
Initializing Metal device caps: Apple M1
Initialize mono
Mono path[0] = '/Applications/Unity/Hub/Editor/2020.3.25f1/Unity.app/Contents/Managed'
Mono path[1] = '/Applications/Unity/Hub/Editor/2020.3.25f1/Unity.app/Contents/MonoBleedingEdge/lib/mono/unityjit'
Mono config path = '/Applications/Unity/Hub/Editor/2020.3.25f1/Unity.app/Contents/MonoBleedingEdge/etc'
Using monoOptions --debugger-agent=transport=dt_socket,embedding=1,server=y,suspend=n,address=127.0.0.1:56030
Begin MonoManager ReloadAssembly
Registering precompiled unity dll's ...
Register platform support module: /Applications/Unity/Hub/Editor/2020.3.25f1/Unity.app/Contents/PlaybackEngines/MacStandaloneSupport/UnityEditor.OSXStandalone.Extensions.dll
Register platform support module: /Applications/Unity/Hub/Editor/2020.3.25f1/PlaybackEngines/WindowsStandaloneSupport/UnityEditor.WindowsStandalone.Extensions.dll
Register platform support module: /Applications/Unity/Hub/Editor/2020.3.25f1/PlaybackEngines/LinuxStandaloneSupport/UnityEditor.LinuxStandalone.Extensions.dll
Registered in 0.002112 seconds.
Native extension for LinuxStandalone target not found
Native extension for WindowsStandalone target not found
Native extension for OSXStandalone target not found
Refreshing native plugins compatible for Editor in 47.49 ms, found 3 plugins.
Preloading 0 native plugins for Editor in 0.00 ms.
Mono: successfully reloaded assembly
- Completed reload, in  1.325 seconds
Domain Reload Profiling:
	ReloadAssembly (1325ms)
		BeginReloadAssembly (78ms)
			ExecutionOrderSort (0ms)
			DisableScriptedObjects (0ms)
			BackupInstance (0ms)
			ReleaseScriptingObjects (0ms)
			CreateAndSetChildDomain (3ms)
		EndReloadAssembly (1123ms)
			LoadAssemblies (77ms)
			RebuildTransferFunctionScriptingTraits (0ms)
			SetupTypeCache (179ms)
			ReleaseScriptCaches (0ms)
			RebuildScriptCaches (43ms)
			SetupLoadedEditorAssemblies (586ms)
				LogAssemblyErrors (0ms)
				InitializePlatformSupportModulesInManaged (18ms)
				SetLoadedEditorAssemblies (1ms)
				RefreshPlugins (48ms)
				BeforeProcessingInitializeOnLoad (80ms)
				ProcessInitializeOnLoadAttributes (327ms)
				ProcessInitializeOnLoadMethodAttributes (112ms)
				AfterProcessingInitializeOnLoad (0ms)
				EditorAssembliesLoaded (1ms)
			ExecutionOrderSort2 (0ms)
			AwakeInstancesAfterBackupRestoration (0ms)
Platform modules already initialized, skipping
Registering precompiled user dll's ...
Registered in 0.004703 seconds.
Begin MonoManager ReloadAssembly
Native extension for LinuxStandalone target not found
Native extension for WindowsStandalone target not found
Native extension for OSXStandalone target not found
Refreshing native plugins compatible for Editor in 47.03 ms, found 3 plugins.
Preloading 0 native plugins for Editor in 0.00 ms.
Mono: successfully reloaded assembly
- Completed reload, in  2.515 seconds
Domain Reload Profiling:
	ReloadAssembly (2518ms)
		BeginReloadAssembly (265ms)
			ExecutionOrderSort (0ms)
			DisableScriptedObjects (38ms)
			BackupInstance (0ms)
			ReleaseScriptingObjects (0ms)
			CreateAndSetChildDomain (41ms)
		EndReloadAssembly (2152ms)
			LoadAssemblies (210ms)
			RebuildTransferFunctionScriptingTraits (0ms)
			SetupTypeCache (371ms)
			ReleaseScriptCaches (1ms)
			RebuildScriptCaches (60ms)
			SetupLoadedEditorAssemblies (1184ms)
				LogAssemblyErrors (0ms)
				InitializePlatformSupportModulesInManaged (20ms)
				SetLoadedEditorAssemblies (1ms)
				RefreshPlugins (47ms)
				BeforeProcessingInitializeOnLoad (172ms)
				ProcessInitializeOnLoadAttributes (896ms)
				ProcessInitializeOnLoadMethodAttributes (48ms)
				AfterProcessingInitializeOnLoad (1ms)
				EditorAssembliesLoaded (0ms)
			ExecutionOrderSort2 (0ms)
			AwakeInstancesAfterBackupRestoration (32ms)
Platform modules already initialized, skipping
Validating Project structure ... 0.003799 seconds.
Shader import version has changed; will reimport all shaders...
Upgrading shader files ...0.014762 seconds.
Application.AssetDatabase Initial Script Refresh Start
RefreshInfo: InitialScriptRefreshV2(NoUpdateAssetOptions) scanfilter:  ... 1 filters
RefreshProfiler: Total: 0.000ms
Application.AssetDatabase Initial Script Refresh End
Application.AssetDatabase.Refresh Start
Application.AssetDatabase.Refresh End
RefreshInfo: StopAssetImportingV2(ForceSynchronousImport) scanfilter: 
RefreshProfiler: Total: 0.000ms
Launching external process: /Applications/Unity/Hub/Editor/2020.3.25f1/Unity.app/Contents/Tools/UnityShaderCompiler
Launched and connected shader compiler UnityShaderCompiler after 0.14 seconds
Initializing Unity extensions:
========================================================================
Worker process is ready to serve import requests
Refreshing native plugins compatible for Editor in 0.39 ms, found 3 plugins.
Preloading 0 native plugins for Editor in 0.00 ms.
Unloading 2609 Unused Serialized files (Serialized files now loaded: 0)
System memory in use before: 218.1 MB.
System memory in use after: 217.3 MB.

Unloading 158 unused Assets to reduce memory usage. Loaded Objects now: 3083.
Total: 2.765667 ms (FindLiveObjects: 0.111417 ms CreateObjectMapping: 0.052875 ms MarkObjects: 2.196375 ms  DeleteObjects: 0.404375 ms)

AssetImportParameters requested are different than current active one (requested -> active):
  custom:video-decoder-ogg-theora: a1e56fd34408186e4bbccfd4996cb3dc -> 
  custom:container-muxer-webm: aa71ff27fc2769a1b78a27578f13a17b -> 
  custom:container-demuxer-webm: 4f35f7cbe854078d1ac9338744f61a02 -> 
  custom:container-demuxer-ogg: 62fdf1f143b41e24485cea50d1cbac27 -> 
  custom:video-encoder-webm-vp8: eb34c28f22e8b96e1ab97ce403110664 -> 
  custom:framework-osx-AVFoundation: e770b220cccbd017edd2c1fefb359320 -> 
  custom:video-decoder-webm-vp8: 9c59270c3fd7afecdb556c50c9e8de78 -> 
  custom:audio-decoder-ogg-vorbis: bf7c407c2cedff20999df2af8eb42d56 -> 
  custom:audio-encoder-webm-vorbis: bf7c407c2cedff20999df2af8eb42d56 -> 
========================================================================
Received Import Request.
  path: Assets/Custom Objects/Gameplay Objects/Abilities/Attack Abilities/SpellShadowPulse.asset
  artifactKey: Guid(aef5752a3501c4ae1a1a7e96393b67a1) Importer(815301076,1909f56bfc062723c751e8b465ee728b)
Start importing Assets/Custom Objects/Gameplay Objects/Abilities/Attack Abilities/SpellShadowPulse.asset using Guid(aef5752a3501c4ae1a1a7e96393b67a1) Importer(815301076,1909f56bfc062723c751e8b465ee728b)  -> (artifact id: 'f078d9061767cbd0266de0fa6d542e18') in 0.716445 seconds 
  Import took 0.723924 seconds .

========================================================================
Received Import Request.
  Time since last request: 0.001163 seconds.
  path: Assets/Custom Objects/Gameplay Objects/Abilities/Attack Abilities/SpellAetherLance.asset
  artifactKey: Guid(472217288e1424571a783f7cbcfcd9c4) Importer(815301076,1909f56bfc062723c751e8b465ee728b)
Start importing Assets/Custom Objects/Gameplay Objects/Abilities/Attack Abilities/SpellAetherLance.asset using Guid(472217288e1424571a783f7cbcfcd9c4) Importer(815301076,1909f56bfc062723c751e8b465ee728b)  -> (artifact id: '144f6676d539b4c196345af4812cc136') in 0.004065 seconds 
  Import took 0.007863 seconds .

========================================================================
Received Import Request.
  Time since last request: 0.000293 seconds.
  path: Assets/Custom Objects/Gameplay Objects/Abilities/Attack Abilities/SpellAetherBolt.asset
  artifactKey: Guid(d4068ed09273d46e287819d275c77b13) Importer(815301076,1909f56bfc062723c751e8b465ee728b)
Start importing Assets/Custom Objects/Gameplay Objects/Abilities/Attack Abilities/SpellAetherBolt.asset using Guid(d4068ed09273d46e287819d275c77b13) Importer(815301076,1909f56bfc062723c751e8b465ee728b)  -> (artifact id: 'b04cb59918329aaa4d5ef9b387cd1e56') in 0.002530 seconds 
  Import took 0.006954 seconds .

========================================================================
Received Import Request.
  Time since last request: 0.000289 seconds.
  path: Assets/Custom Objects/Gameplay Objects/Abilities/Attack Abilities/Basic Caster Main.asset
  artifactKey: Guid(f3f89a8dc9b89423b9ef96f716ba7581) Importer(815301076,1909f56bfc062723c751e8b465ee728b)
Start importing Assets/Custom Objects/Gameplay Objects/Abilities/Attack Abilities/Basic Caster Main.asset using Guid(f3f89a8dc9b89423b9ef96f716ba7581) Importer(815301076,1909f56bfc062723c751e8b465ee728b)  -> (artifact id: '926ea346ae50a271387d1c343dd7f799') in 0.002781 seconds 
  Import took 0.006634 seconds .

========================================================================
Received Import Request.
  Time since last request: 0.000264 seconds.
  path: Assets/Custom Objects/Gameplay Objects/Abilities/Attack Abilities/Basic Melee Ability.asset
  artifactKey: Guid(fa8584d7f866e42e0a8563694859842d) Importer(815301076,1909f56bfc062723c751e8b465ee728b)
Start importing Assets/Custom Objects/Gameplay Objects/Abilities/Attack Abilities/Basic Melee Ability.asset using Guid(fa8584d7f866e42e0a8563694859842d) Importer(815301076,1909f56bfc062723c751e8b465ee728b)  -> (artifact id: '7911c4b3f1a142203f0633f53d4cf4bf') in 0.002443 seconds 
  Import took 0.005688 seconds .

========================================================================
Received Import Request.
  Time since last request: 0.000288 seconds.
  path: Assets/Custom Objects/Gameplay Objects/Abilities/Attack Abilities/SpellScorch.asset
  artifactKey: Guid(a3ac7a507833d49c28735a7ceae51127) Importer(815301076,1909f56bfc062723c751e8b465ee728b)
Start importing Assets/Custom Objects/Gameplay Objects/Abilities/Attack Abilities/SpellScorch.asset using Guid(a3ac7a507833d49c28735a7ceae51127) Importer(815301076,1909f56bfc062723c751e8b465ee728b)  -> (artifact id: '4a3fbbd124ce4caa6aedfdf21417c1ac') in 0.003752 seconds 
  Import took 0.007128 seconds .

========================================================================
Received Prepare
Refreshing native plugins compatible for Editor in 4.59 ms, found 3 plugins.
Preloading 0 native plugins for Editor in 0.00 ms.
Unloading 16 Unused Serialized files (Serialized files now loaded: 0)
System memory in use before: 168.4 MB.
System memory in use after: 168.6 MB.

Unloading 16 unused Assets to reduce memory usage. Loaded Objects now: 3083.
Total: 2.496875 ms (FindLiveObjects: 0.118333 ms CreateObjectMapping: 0.050917 ms MarkObjects: 2.314375 ms  DeleteObjects: 0.012333 ms)

AssetImportParameters requested are different than current active one (requested -> active):
  custom:video-decoder-ogg-theora: a1e56fd34408186e4bbccfd4996cb3dc -> 
  custom:container-muxer-webm: aa71ff27fc2769a1b78a27578f13a17b -> 
  custom:container-demuxer-webm: 4f35f7cbe854078d1ac9338744f61a02 -> 
  custom:container-demuxer-ogg: 62fdf1f143b41e24485cea50d1cbac27 -> 
  custom:video-encoder-webm-vp8: eb34c28f22e8b96e1ab97ce403110664 -> 
  custom:framework-osx-AVFoundation: e770b220cccbd017edd2c1fefb359320 -> 
  custom:video-decoder-webm-vp8: 9c59270c3fd7afecdb556c50c9e8de78 -> 
  custom:audio-decoder-ogg-vorbis: bf7c407c2cedff20999df2af8eb42d56 -> 
  custom:audio-encoder-webm-vorbis: bf7c407c2cedff20999df2af8eb42d56 -> 
========================================================================
Received Import Request.
  Time since last request: 76.544923 seconds.
  path: Assets/Custom Objects/Gameplay Objects/Weapons/Basic Caster.asset
  artifactKey: Guid(8a784cef8487c49eea4173e4e6b9d2e0) Importer(815301076,1909f56bfc062723c751e8b465ee728b)
Start importing Assets/Custom Objects/Gameplay Objects/Weapons/Basic Caster.asset using Guid(8a784cef8487c49eea4173e4e6b9d2e0) Importer(815301076,1909f56bfc062723c751e8b465ee728b)  -> (artifact id: '55cefff0170c1677a9a7c948b16a7d68') in 0.008375 seconds 
  Import took 0.016637 seconds .

========================================================================
Received Import Request.
  Time since last request: 0.000401 seconds.
  path: Assets/Custom Objects/Gameplay Objects/Weapons/Basic Melee.asset
  artifactKey: Guid(9f3befefb2e6f48559df0495c09436d4) Importer(815301076,1909f56bfc062723c751e8b465ee728b)
Start importing Assets/Custom Objects/Gameplay Objects/Weapons/Basic Melee.asset using Guid(9f3befefb2e6f48559df0495c09436d4) Importer(815301076,1909f56bfc062723c751e8b465ee728b)  -> (artifact id: '33bd943ecb08e8e7749eb5c664386529') in 0.003765 seconds 
  Import took 0.009568 seconds .

========================================================================
Received Import Request.
  Time since last request: 0.000363 seconds.
  path: Assets/Custom Objects/Gameplay Objects/Weapons/Basic Focus.asset
  artifactKey: Guid(146b1a602db594554823ca1f9065b237) Importer(815301076,1909f56bfc062723c751e8b465ee728b)
Start importing Assets/Custom Objects/Gameplay Objects/Weapons/Basic Focus.asset using Guid(146b1a602db594554823ca1f9065b237) Importer(815301076,1909f56bfc062723c751e8b465ee728b)  -> (artifact id: '3e42ee658b02970c6a4af40e09eeff4e') in 0.005018 seconds 
  Import took 0.010200 seconds .

